

Processing BooksController#index (for 127.0.0.1 at 2015-11-06 17:00:12) [GET]
  Session ID: f8568761f554acc8b75eb0363ef72609
  Parameters: {"action"=>"index", "controller"=>"books"}
  [4;36;1mSQL (0.000000)[0m   [0;1mSET NAMES 'utf8'[0m
  [4;35;1mSQL (0.001000)[0m   [0mSET SQL_AUTO_IS_NULL=0[0m
  [4;36;1mBook Load (0.001000)[0m   [0;1mSELECT * FROM `books` [0m
Rendering template within layouts/books
Rendering books/index
Completed in 0.06600 (15 reqs/sec) | Rendering: 0.00600 (9%) | DB: 0.00200 (3%) | 200 OK [http://localhost/books]


Processing BooksController#new (for 127.0.0.1 at 2015-11-06 17:01:57) [GET]
  Session ID: BAh7BiIKZmxhc2hJQzonQWN0aW9uQ29udHJvbGxlcjo6Rmxhc2g6OkZsYXNo%0ASGFzaHsABjoKQHVzZWR7AA%3D%3D--c38eccd82e2cf0d9d53915ae21b53456c66ea40f
  Parameters: {"action"=>"new", "controller"=>"books"}
  [4;35;1mBook Columns (0.005000)[0m   [0mSHOW FIELDS FROM `books`[0m
Rendering template within layouts/books
Rendering books/new
Completed in 0.02300 (43 reqs/sec) | Rendering: 0.00800 (34%) | DB: 0.00500 (21%) | 200 OK [http://localhost/books/new]


Processing BooksController#create (for 127.0.0.1 at 2015-11-06 17:02:35) [POST]
  Session ID: BAh7BzoMY3NyZl9pZCIlOWNkOGY3MDhiOGYzMDI5ZDc1NDRlODI2MmQ1NDI1%0ANDgiCmZsYXNoSUM6J0FjdGlvbkNvbnRyb2xsZXI6OkZsYXNoOjpGbGFzaEhh%0Ac2h7AAY6CkB1c2VkewA%3D--2d014bbcc996107b9c1f2278a509ae5fdf395934
  Parameters: {"commit"=>"Create", "authenticity_token"=>"62659626e0ddf683129341c636110408c6b5c2c7", "action"=>"create", "controller"=>"books", "book"=>{"acc_no"=>"123", "title"=>"web prg", "publisher"=>"subhas", "authors"=>"suhas", "edition"=>"4"}}
  [4;36;1mBook Columns (0.002000)[0m   [0;1mSHOW FIELDS FROM `books`[0m
  [4;35;1mSQL (0.000000)[0m   [0mBEGIN[0m
  [4;36;1mBook Create (0.000000)[0m   [0;1mINSERT INTO `books` (`acc_no`, `title`, `publisher`, `authors`, `edition`) VALUES('123', 'web prg', 'subhas', 'suhas', '4')[0m
  [4;35;1mSQL (0.000000)[0m   [0mCOMMIT[0m
Redirected to http://localhost:3000/books/1
Completed in 0.01400 (71 reqs/sec) | DB: 0.00200 (14%) | 302 Found [http://localhost/books]


Processing BooksController#show (for 127.0.0.1 at 2015-11-06 17:02:35) [GET]
  Session ID: BAh7BzoMY3NyZl9pZCIlOWNkOGY3MDhiOGYzMDI5ZDc1NDRlODI2MmQ1NDI1%0ANDgiCmZsYXNoSUM6J0FjdGlvbkNvbnRyb2xsZXI6OkZsYXNoOjpGbGFzaEhh%0Ac2h7BjoLbm90aWNlIiNCb29rIHdhcyBzdWNjZXNzZnVsbHkgY3JlYXRlZC4G%0AOgpAdXNlZHsGOwdU--2ecb9577de468b7f4f3b530223c3f12cc40d08d9
  Parameters: {"action"=>"show", "id"=>"1", "controller"=>"books"}
  [4;36;1mBook Columns (0.002000)[0m   [0;1mSHOW FIELDS FROM `books`[0m
  [4;35;1mBook Load (0.000000)[0m   [0mSELECT * FROM `books` WHERE (`books`.`id` = 1) [0m
Rendering template within layouts/books
Rendering books/show
Completed in 0.03300 (30 reqs/sec) | Rendering: 0.02000 (60%) | DB: 0.00200 (6%) | 200 OK [http://localhost/books/1]


Processing BooksController#edit (for 127.0.0.1 at 2015-11-06 17:02:40) [GET]
  Session ID: BAh7BzoMY3NyZl9pZCIlOWNkOGY3MDhiOGYzMDI5ZDc1NDRlODI2MmQ1NDI1%0ANDgiCmZsYXNoSUM6J0FjdGlvbkNvbnRyb2xsZXI6OkZsYXNoOjpGbGFzaEhh%0Ac2h7AAY6CkB1c2VkewA%3D--2d014bbcc996107b9c1f2278a509ae5fdf395934
  Parameters: {"action"=>"edit", "id"=>"1", "controller"=>"books"}
  [4;36;1mBook Columns (0.002000)[0m   [0;1mSHOW FIELDS FROM `books`[0m
  [4;35;1mBook Load (0.000000)[0m   [0mSELECT * FROM `books` WHERE (`books`.`id` = 1) [0m
Rendering template within layouts/books
Rendering books/edit
Completed in 0.02000 (50 reqs/sec) | Rendering: 0.00800 (40%) | DB: 0.00200 (10%) | 200 OK [http://localhost/books/1/edit]


Processing BooksController#update (for 127.0.0.1 at 2015-11-06 17:02:42) [PUT]
  Session ID: BAh7BzoMY3NyZl9pZCIlOWNkOGY3MDhiOGYzMDI5ZDc1NDRlODI2MmQ1NDI1%0ANDgiCmZsYXNoSUM6J0FjdGlvbkNvbnRyb2xsZXI6OkZsYXNoOjpGbGFzaEhh%0Ac2h7AAY6CkB1c2VkewA%3D--2d014bbcc996107b9c1f2278a509ae5fdf395934
  Parameters: {"commit"=>"Update", "authenticity_token"=>"62659626e0ddf683129341c636110408c6b5c2c7", "_method"=>"put", "action"=>"update", "id"=>"1", "controller"=>"books", "book"=>{"acc_no"=>"123", "title"=>"web prg", "publisher"=>"subhas", "authors"=>"suhas", "edition"=>"4"}}
  [4;36;1mBook Columns (0.002000)[0m   [0;1mSHOW FIELDS FROM `books`[0m
  [4;35;1mBook Load (0.000000)[0m   [0mSELECT * FROM `books` WHERE (`books`.`id` = 1) [0m
  [4;36;1mSQL (0.001000)[0m   [0;1mBEGIN[0m
  [4;35;1mBook Update (0.001000)[0m   [0mUPDATE `books` SET `title` = 'web prg', `edition` = '4', `publisher` = 'subhas', `acc_no` = '123', `authors` = 'suhas' WHERE `id` = 1[0m
  [4;36;1mSQL (0.000000)[0m   [0;1mCOMMIT[0m
Redirected to http://localhost:3000/books/1
Completed in 0.01600 (62 reqs/sec) | DB: 0.00400 (25%) | 302 Found [http://localhost/books/1]


Processing BooksController#show (for 127.0.0.1 at 2015-11-06 17:02:42) [GET]
  Session ID: BAh7BzoMY3NyZl9pZCIlOWNkOGY3MDhiOGYzMDI5ZDc1NDRlODI2MmQ1NDI1%0ANDgiCmZsYXNoSUM6J0FjdGlvbkNvbnRyb2xsZXI6OkZsYXNoOjpGbGFzaEhh%0Ac2h7BjoLbm90aWNlIiNCb29rIHdhcyBzdWNjZXNzZnVsbHkgdXBkYXRlZC4G%0AOgpAdXNlZHsGOwdU--e89362187a848e5e60b92d81e9952997a0db61fe
  Parameters: {"action"=>"show", "id"=>"1", "controller"=>"books"}
  [4;35;1mBook Columns (0.002000)[0m   [0mSHOW FIELDS FROM `books`[0m
  [4;36;1mBook Load (0.000000)[0m   [0;1mSELECT * FROM `books` WHERE (`books`.`id` = 1) [0m
Rendering template within layouts/books
Rendering books/show
Completed in 0.01500 (66 reqs/sec) | Rendering: 0.00300 (20%) | DB: 0.00200 (13%) | 200 OK [http://localhost/books/1]


Processing BooksController#index (for 127.0.0.1 at 2015-11-06 17:02:43) [GET]
  Session ID: BAh7BzoMY3NyZl9pZCIlOWNkOGY3MDhiOGYzMDI5ZDc1NDRlODI2MmQ1NDI1%0ANDgiCmZsYXNoSUM6J0FjdGlvbkNvbnRyb2xsZXI6OkZsYXNoOjpGbGFzaEhh%0Ac2h7AAY6CkB1c2VkewA%3D--2d014bbcc996107b9c1f2278a509ae5fdf395934
  Parameters: {"action"=>"index", "controller"=>"books"}
  [4;35;1mBook Load (0.001000)[0m   [0mSELECT * FROM `books` [0m
Rendering template within layouts/books
Rendering books/index
  [4;36;1mBook Columns (0.002000)[0m   [0;1mSHOW FIELDS FROM `books`[0m
Completed in 0.01800 (55 reqs/sec) | Rendering: 0.00600 (33%) | DB: 0.00300 (16%) | 200 OK [http://localhost/books]


Processing BooksController#new (for 127.0.0.1 at 2015-11-06 17:02:44) [GET]
  Session ID: BAh7BzoMY3NyZl9pZCIlOWNkOGY3MDhiOGYzMDI5ZDc1NDRlODI2MmQ1NDI1%0ANDgiCmZsYXNoSUM6J0FjdGlvbkNvbnRyb2xsZXI6OkZsYXNoOjpGbGFzaEhh%0Ac2h7AAY6CkB1c2VkewA%3D--2d014bbcc996107b9c1f2278a509ae5fdf395934
  Parameters: {"action"=>"new", "controller"=>"books"}
  [4;35;1mBook Columns (0.021000)[0m   [0mSHOW FIELDS FROM `books`[0m
Rendering template within layouts/books
Rendering books/new
Completed in 0.03600 (27 reqs/sec) | Rendering: 0.00500 (13%) | DB: 0.02100 (58%) | 200 OK [http://localhost/books/new]


Processing BooksController#create (for 127.0.0.1 at 2015-11-06 17:03:09) [POST]
  Session ID: BAh7BzoMY3NyZl9pZCIlOWNkOGY3MDhiOGYzMDI5ZDc1NDRlODI2MmQ1NDI1%0ANDgiCmZsYXNoSUM6J0FjdGlvbkNvbnRyb2xsZXI6OkZsYXNoOjpGbGFzaEhh%0Ac2h7AAY6CkB1c2VkewA%3D--2d014bbcc996107b9c1f2278a509ae5fdf395934
  Parameters: {"commit"=>"Create", "authenticity_token"=>"62659626e0ddf683129341c636110408c6b5c2c7", "action"=>"create", "controller"=>"books", "book"=>{"acc_no"=>"456", "title"=>"aca", "publisher"=>"padma", "authors"=>"trance", "edition"=>"3"}}
  [4;36;1mBook Columns (0.004000)[0m   [0;1mSHOW FIELDS FROM `books`[0m
  [4;35;1mSQL (0.000000)[0m   [0mBEGIN[0m
  [4;36;1mBook Create (0.001000)[0m   [0;1mINSERT INTO `books` (`acc_no`, `title`, `publisher`, `authors`, `edition`) VALUES('456', 'aca', 'padma', 'trance', '3')[0m
  [4;35;1mSQL (0.000000)[0m   [0mCOMMIT[0m
Redirected to http://localhost:3000/books/2
Completed in 0.01500 (66 reqs/sec) | DB: 0.00500 (33%) | 302 Found [http://localhost/books]


Processing BooksController#show (for 127.0.0.1 at 2015-11-06 17:03:09) [GET]
  Session ID: BAh7BzoMY3NyZl9pZCIlOWNkOGY3MDhiOGYzMDI5ZDc1NDRlODI2MmQ1NDI1%0ANDgiCmZsYXNoSUM6J0FjdGlvbkNvbnRyb2xsZXI6OkZsYXNoOjpGbGFzaEhh%0Ac2h7BjoLbm90aWNlIiNCb29rIHdhcyBzdWNjZXNzZnVsbHkgY3JlYXRlZC4G%0AOgpAdXNlZHsGOwdU--2ecb9577de468b7f4f3b530223c3f12cc40d08d9
  Parameters: {"action"=>"show", "id"=>"2", "controller"=>"books"}
  [4;36;1mBook Columns (0.003000)[0m   [0;1mSHOW FIELDS FROM `books`[0m
  [4;35;1mBook Load (0.000000)[0m   [0mSELECT * FROM `books` WHERE (`books`.`id` = 2) [0m
Rendering template within layouts/books
Rendering books/show
Completed in 0.01800 (55 reqs/sec) | Rendering: 0.00400 (22%) | DB: 0.00300 (16%) | 200 OK [http://localhost/books/2]


Processing BooksController#index (for 127.0.0.1 at 2015-11-06 17:03:13) [GET]
  Session ID: BAh7BzoMY3NyZl9pZCIlOWNkOGY3MDhiOGYzMDI5ZDc1NDRlODI2MmQ1NDI1%0ANDgiCmZsYXNoSUM6J0FjdGlvbkNvbnRyb2xsZXI6OkZsYXNoOjpGbGFzaEhh%0Ac2h7AAY6CkB1c2VkewA%3D--2d014bbcc996107b9c1f2278a509ae5fdf395934
  Parameters: {"action"=>"index", "controller"=>"books"}
  [4;36;1mBook Load (0.001000)[0m   [0;1mSELECT * FROM `books` [0m
Rendering template within layouts/books
Rendering books/index
  [4;35;1mBook Columns (0.002000)[0m   [0mSHOW FIELDS FROM `books`[0m
Completed in 0.02000 (50 reqs/sec) | Rendering: 0.00500 (24%) | DB: 0.00300 (15%) | 200 OK [http://localhost/books]


Processing BooksController#show (for 127.0.0.1 at 2015-11-06 17:03:17) [GET]
  Session ID: BAh7BzoMY3NyZl9pZCIlOWNkOGY3MDhiOGYzMDI5ZDc1NDRlODI2MmQ1NDI1%0ANDgiCmZsYXNoSUM6J0FjdGlvbkNvbnRyb2xsZXI6OkZsYXNoOjpGbGFzaEhh%0Ac2h7AAY6CkB1c2VkewA%3D--2d014bbcc996107b9c1f2278a509ae5fdf395934
  Parameters: {"action"=>"show", "id"=>"1", "controller"=>"books"}
  [4;36;1mBook Columns (0.002000)[0m   [0;1mSHOW FIELDS FROM `books`[0m
  [4;35;1mBook Load (0.000000)[0m   [0mSELECT * FROM `books` WHERE (`books`.`id` = 1) [0m
Rendering template within layouts/books
Rendering books/show
Completed in 0.02000 (50 reqs/sec) | Rendering: 0.00400 (19%) | DB: 0.00200 (9%) | 200 OK [http://localhost/books/1]


Processing BooksController#edit (for 127.0.0.1 at 2015-11-06 17:04:19) [GET]
  Session ID: BAh7BzoMY3NyZl9pZCIlOWNkOGY3MDhiOGYzMDI5ZDc1NDRlODI2MmQ1NDI1%0ANDgiCmZsYXNoSUM6J0FjdGlvbkNvbnRyb2xsZXI6OkZsYXNoOjpGbGFzaEhh%0Ac2h7AAY6CkB1c2VkewA%3D--2d014bbcc996107b9c1f2278a509ae5fdf395934
  Parameters: {"action"=>"edit", "id"=>"2", "controller"=>"books"}
  [4;36;1mBook Columns (0.002000)[0m   [0;1mSHOW FIELDS FROM `books`[0m
  [4;35;1mBook Load (0.000000)[0m   [0mSELECT * FROM `books` WHERE (`books`.`id` = 2) [0m
Rendering template within layouts/books
Rendering books/edit
Completed in 0.02200 (45 reqs/sec) | Rendering: 0.00500 (22%) | DB: 0.00200 (9%) | 200 OK [http://localhost/books/2/edit]


Processing BooksController#update (for 127.0.0.1 at 2015-11-06 17:04:22) [PUT]
  Session ID: BAh7BzoMY3NyZl9pZCIlOWNkOGY3MDhiOGYzMDI5ZDc1NDRlODI2MmQ1NDI1%0ANDgiCmZsYXNoSUM6J0FjdGlvbkNvbnRyb2xsZXI6OkZsYXNoOjpGbGFzaEhh%0Ac2h7AAY6CkB1c2VkewA%3D--2d014bbcc996107b9c1f2278a509ae5fdf395934
  Parameters: {"commit"=>"Update", "authenticity_token"=>"62659626e0ddf683129341c636110408c6b5c2c7", "_method"=>"put", "action"=>"update", "id"=>"2", "controller"=>"books", "book"=>{"acc_no"=>"456", "title"=>"aca", "publisher"=>"padma", "authors"=>"trance", "edition"=>"3"}}
  [4;36;1mBook Columns (0.004000)[0m   [0;1mSHOW FIELDS FROM `books`[0m
  [4;35;1mBook Load (0.000000)[0m   [0mSELECT * FROM `books` WHERE (`books`.`id` = 2) [0m
  [4;36;1mSQL (0.001000)[0m   [0;1mBEGIN[0m
  [4;35;1mBook Update (0.001000)[0m   [0mUPDATE `books` SET `title` = 'aca', `edition` = '3', `publisher` = 'padma', `acc_no` = '456', `authors` = 'trance' WHERE `id` = 2[0m
  [4;36;1mSQL (0.000000)[0m   [0;1mCOMMIT[0m
Redirected to http://localhost:3000/books/2
Completed in 0.01600 (62 reqs/sec) | DB: 0.00600 (37%) | 302 Found [http://localhost/books/2]


Processing BooksController#show (for 127.0.0.1 at 2015-11-06 17:04:22) [GET]
  Session ID: BAh7BzoMY3NyZl9pZCIlOWNkOGY3MDhiOGYzMDI5ZDc1NDRlODI2MmQ1NDI1%0ANDgiCmZsYXNoSUM6J0FjdGlvbkNvbnRyb2xsZXI6OkZsYXNoOjpGbGFzaEhh%0Ac2h7BjoLbm90aWNlIiNCb29rIHdhcyBzdWNjZXNzZnVsbHkgdXBkYXRlZC4G%0AOgpAdXNlZHsGOwdU--e89362187a848e5e60b92d81e9952997a0db61fe
  Parameters: {"action"=>"show", "id"=>"2", "controller"=>"books"}
  [4;35;1mBook Columns (0.003000)[0m   [0mSHOW FIELDS FROM `books`[0m
  [4;36;1mBook Load (0.001000)[0m   [0;1mSELECT * FROM `books` WHERE (`books`.`id` = 2) [0m
Rendering template within layouts/books
Rendering books/show
Completed in 0.01600 (62 reqs/sec) | Rendering: 0.00400 (24%) | DB: 0.00400 (24%) | 200 OK [http://localhost/books/2]


Processing BooksController#index (for 127.0.0.1 at 2015-11-06 17:04:25) [GET]
  Session ID: BAh7BzoMY3NyZl9pZCIlOWNkOGY3MDhiOGYzMDI5ZDc1NDRlODI2MmQ1NDI1%0ANDgiCmZsYXNoSUM6J0FjdGlvbkNvbnRyb2xsZXI6OkZsYXNoOjpGbGFzaEhh%0Ac2h7AAY6CkB1c2VkewA%3D--2d014bbcc996107b9c1f2278a509ae5fdf395934
  Parameters: {"action"=>"index", "controller"=>"books"}
  [4;35;1mBook Load (0.000000)[0m   [0mSELECT * FROM `books` [0m
Rendering template within layouts/books
Rendering books/index
  [4;36;1mBook Columns (0.002000)[0m   [0;1mSHOW FIELDS FROM `books`[0m
Completed in 0.01600 (62 reqs/sec) | Rendering: 0.00500 (31%) | DB: 0.00200 (12%) | 200 OK [http://localhost/books]


Processing BooksController#new (for 127.0.0.1 at 2015-11-06 17:05:00) [GET]
  Session ID: BAh7BzoMY3NyZl9pZCIlOWNkOGY3MDhiOGYzMDI5ZDc1NDRlODI2MmQ1NDI1%0ANDgiCmZsYXNoSUM6J0FjdGlvbkNvbnRyb2xsZXI6OkZsYXNoOjpGbGFzaEhh%0Ac2h7AAY6CkB1c2VkewA%3D--2d014bbcc996107b9c1f2278a509ae5fdf395934
  Parameters: {"action"=>"new", "controller"=>"books"}
  [4;35;1mBook Columns (0.004000)[0m   [0mSHOW FIELDS FROM `books`[0m
Rendering template within layouts/books
Rendering books/new
Completed in 0.01800 (55 reqs/sec) | Rendering: 0.00500 (27%) | DB: 0.00400 (22%) | 200 OK [http://localhost/books/new]


Processing BooksController#create (for 127.0.0.1 at 2015-11-06 17:05:38) [POST]
  Session ID: BAh7BzoMY3NyZl9pZCIlOWNkOGY3MDhiOGYzMDI5ZDc1NDRlODI2MmQ1NDI1%0ANDgiCmZsYXNoSUM6J0FjdGlvbkNvbnRyb2xsZXI6OkZsYXNoOjpGbGFzaEhh%0Ac2h7AAY6CkB1c2VkewA%3D--2d014bbcc996107b9c1f2278a509ae5fdf395934
  Parameters: {"commit"=>"Create", "authenticity_token"=>"62659626e0ddf683129341c636110408c6b5c2c7", "action"=>"create", "controller"=>"books", "book"=>{"acc_no"=>"789", "title"=>"net", "publisher"=>"apress", "authors"=>"apex", "edition"=>"2"}}
  [4;36;1mBook Columns (0.022000)[0m   [0;1mSHOW FIELDS FROM `books`[0m
  [4;35;1mSQL (0.000000)[0m   [0mBEGIN[0m
  [4;36;1mBook Create (0.000000)[0m   [0;1mINSERT INTO `books` (`acc_no`, `title`, `publisher`, `authors`, `edition`) VALUES('789', 'net', 'apress', 'apex', '2')[0m
  [4;35;1mSQL (0.001000)[0m   [0mCOMMIT[0m
Redirected to http://localhost:3000/books/3
Completed in 0.03400 (29 reqs/sec) | DB: 0.02300 (67%) | 302 Found [http://localhost/books]


Processing BooksController#show (for 127.0.0.1 at 2015-11-06 17:05:38) [GET]
  Session ID: BAh7BzoMY3NyZl9pZCIlOWNkOGY3MDhiOGYzMDI5ZDc1NDRlODI2MmQ1NDI1%0ANDgiCmZsYXNoSUM6J0FjdGlvbkNvbnRyb2xsZXI6OkZsYXNoOjpGbGFzaEhh%0Ac2h7BjoLbm90aWNlIiNCb29rIHdhcyBzdWNjZXNzZnVsbHkgY3JlYXRlZC4G%0AOgpAdXNlZHsGOwdU--2ecb9577de468b7f4f3b530223c3f12cc40d08d9
  Parameters: {"action"=>"show", "id"=>"3", "controller"=>"books"}
  [4;36;1mBook Columns (0.002000)[0m   [0;1mSHOW FIELDS FROM `books`[0m
  [4;35;1mBook Load (0.001000)[0m   [0mSELECT * FROM `books` WHERE (`books`.`id` = 3) [0m
Rendering template within layouts/books
Rendering books/show
Completed in 0.01600 (62 reqs/sec) | Rendering: 0.00400 (24%) | DB: 0.00300 (18%) | 200 OK [http://localhost/books/3]


Processing BooksController#index (for 127.0.0.1 at 2015-11-06 17:19:52) [GET]
  Session ID: 2428151978018dddb8e8088809add974
  Parameters: {"action"=>"index", "controller"=>"books"}
  [4;36;1mSQL (0.000000)[0m   [0;1mSET NAMES 'utf8'[0m
  [4;35;1mSQL (0.000000)[0m   [0mSET SQL_AUTO_IS_NULL=0[0m
  [4;36;1mBook Load (0.001000)[0m   [0;1mSELECT * FROM `books` [0m
Rendering template within layouts/books
Rendering books/index
  [4;35;1mBook Columns (0.002000)[0m   [0mSHOW FIELDS FROM `books`[0m
Completed in 0.06400 (15 reqs/sec) | Rendering: 0.01100 (17%) | DB: 0.00300 (4%) | 200 OK [http://localhost/books]


Processing MainController#welcome (for 127.0.0.1 at 2015-11-06 17:24:28) [GET]
  Session ID: BAh7BzoMY3NyZl9pZCIlNzA4OTRmMWYzN2U0OGVmOTc2YjBhYjlmNmE2Njdm%0AMDEiCmZsYXNoSUM6J0FjdGlvbkNvbnRyb2xsZXI6OkZsYXNoOjpGbGFzaEhh%0Ac2h7AAY6CkB1c2VkewA%3D--bf819c6c9e4287dce5cbd01087b8727512162b4c
  Parameters: {"action"=>"welcome", "controller"=>"main"}
  [4;36;1mSQL (0.000000)[0m   [0;1mSET NAMES 'utf8'[0m
  [4;35;1mSQL (0.001000)[0m   [0mSET SQL_AUTO_IS_NULL=0[0m


ActionController::UnknownAction (No action responded to welcome):
    C:/InstantRails-2.0-win/ruby/lib/ruby/gems/1.8/gems/actionpack-2.0.2/lib/action_controller/filters.rb:697:in `call_filters'
    C:/InstantRails-2.0-win/ruby/lib/ruby/gems/1.8/gems/actionpack-2.0.2/lib/action_controller/filters.rb:689:in `perform_action_without_benchmark'
    C:/InstantRails-2.0-win/ruby/lib/ruby/gems/1.8/gems/actionpack-2.0.2/lib/action_controller/benchmarking.rb:68:in `perform_action_without_rescue'
    C:/InstantRails-2.0-win/ruby/lib/ruby/1.8/benchmark.rb:293:in `measure'
    C:/InstantRails-2.0-win/ruby/lib/ruby/gems/1.8/gems/actionpack-2.0.2/lib/action_controller/benchmarking.rb:68:in `perform_action_without_rescue'
    C:/InstantRails-2.0-win/ruby/lib/ruby/gems/1.8/gems/actionpack-2.0.2/lib/action_controller/rescue.rb:199:in `perform_action_without_caching'
    C:/InstantRails-2.0-win/ruby/lib/ruby/gems/1.8/gems/actionpack-2.0.2/lib/action_controller/caching.rb:678:in `perform_action'
    C:/InstantRails-2.0-win/ruby/lib/ruby/gems/1.8/gems/activerecord-2.0.2/lib/active_record/connection_adapters/abstract/query_cache.rb:33:in `cache'
    C:/InstantRails-2.0-win/ruby/lib/ruby/gems/1.8/gems/activerecord-2.0.2/lib/active_record/query_cache.rb:8:in `cache'
    C:/InstantRails-2.0-win/ruby/lib/ruby/gems/1.8/gems/actionpack-2.0.2/lib/action_controller/caching.rb:677:in `perform_action'
    C:/InstantRails-2.0-win/ruby/lib/ruby/gems/1.8/gems/actionpack-2.0.2/lib/action_controller/base.rb:524:in `send'
    C:/InstantRails-2.0-win/ruby/lib/ruby/gems/1.8/gems/actionpack-2.0.2/lib/action_controller/base.rb:524:in `process_without_filters'
    C:/InstantRails-2.0-win/ruby/lib/ruby/gems/1.8/gems/actionpack-2.0.2/lib/action_controller/filters.rb:685:in `process_without_session_management_support'
    C:/InstantRails-2.0-win/ruby/lib/ruby/gems/1.8/gems/actionpack-2.0.2/lib/action_controller/session_management.rb:123:in `process'
    C:/InstantRails-2.0-win/ruby/lib/ruby/gems/1.8/gems/actionpack-2.0.2/lib/action_controller/base.rb:388:in `process'
    C:/InstantRails-2.0-win/ruby/lib/ruby/gems/1.8/gems/actionpack-2.0.2/lib/action_controller/dispatcher.rb:171:in `handle_request'
    C:/InstantRails-2.0-win/ruby/lib/ruby/gems/1.8/gems/actionpack-2.0.2/lib/action_controller/dispatcher.rb:115:in `dispatch'
    C:/InstantRails-2.0-win/ruby/lib/ruby/gems/1.8/gems/actionpack-2.0.2/lib/action_controller/dispatcher.rb:126:in `dispatch_cgi'
    C:/InstantRails-2.0-win/ruby/lib/ruby/gems/1.8/gems/actionpack-2.0.2/lib/action_controller/dispatcher.rb:9:in `dispatch'
    C:/InstantRails-2.0-win/ruby/lib/ruby/gems/1.8/gems/mongrel-1.1.2-x86-mswin32/bin/../lib/mongrel/rails.rb:76:in `process'
    C:/InstantRails-2.0-win/ruby/lib/ruby/gems/1.8/gems/mongrel-1.1.2-x86-mswin32/bin/../lib/mongrel/rails.rb:74:in `synchronize'
    C:/InstantRails-2.0-win/ruby/lib/ruby/gems/1.8/gems/mongrel-1.1.2-x86-mswin32/bin/../lib/mongrel/rails.rb:74:in `process'
    C:/InstantRails-2.0-win/ruby/lib/ruby/gems/1.8/gems/mongrel-1.1.2-x86-mswin32/lib/mongrel.rb:159:in `process_client'
    C:/InstantRails-2.0-win/ruby/lib/ruby/gems/1.8/gems/mongrel-1.1.2-x86-mswin32/lib/mongrel.rb:158:in `each'
    C:/InstantRails-2.0-win/ruby/lib/ruby/gems/1.8/gems/mongrel-1.1.2-x86-mswin32/lib/mongrel.rb:158:in `process_client'
    C:/InstantRails-2.0-win/ruby/lib/ruby/gems/1.8/gems/mongrel-1.1.2-x86-mswin32/lib/mongrel.rb:285:in `run'
    C:/InstantRails-2.0-win/ruby/lib/ruby/gems/1.8/gems/mongrel-1.1.2-x86-mswin32/lib/mongrel.rb:285:in `initialize'
    C:/InstantRails-2.0-win/ruby/lib/ruby/gems/1.8/gems/mongrel-1.1.2-x86-mswin32/lib/mongrel.rb:285:in `new'
    C:/InstantRails-2.0-win/ruby/lib/ruby/gems/1.8/gems/mongrel-1.1.2-x86-mswin32/lib/mongrel.rb:285:in `run'
    C:/InstantRails-2.0-win/ruby/lib/ruby/gems/1.8/gems/mongrel-1.1.2-x86-mswin32/lib/mongrel.rb:268:in `initialize'
    C:/InstantRails-2.0-win/ruby/lib/ruby/gems/1.8/gems/mongrel-1.1.2-x86-mswin32/lib/mongrel.rb:268:in `new'
    C:/InstantRails-2.0-win/ruby/lib/ruby/gems/1.8/gems/mongrel-1.1.2-x86-mswin32/lib/mongrel.rb:268:in `run'
    C:/InstantRails-2.0-win/ruby/lib/ruby/gems/1.8/gems/mongrel-1.1.2-x86-mswin32/lib/mongrel/configurator.rb:282:in `run'
    C:/InstantRails-2.0-win/ruby/lib/ruby/gems/1.8/gems/mongrel-1.1.2-x86-mswin32/lib/mongrel/configurator.rb:281:in `each'
    C:/InstantRails-2.0-win/ruby/lib/ruby/gems/1.8/gems/mongrel-1.1.2-x86-mswin32/lib/mongrel/configurator.rb:281:in `run'
    C:/InstantRails-2.0-win/ruby/lib/ruby/gems/1.8/gems/mongrel-1.1.2-x86-mswin32/bin/mongrel_rails:128:in `run'
    C:/InstantRails-2.0-win/ruby/lib/ruby/gems/1.8/gems/mongrel-1.1.2-x86-mswin32/lib/mongrel/command.rb:212:in `run'
    C:/InstantRails-2.0-win/ruby/lib/ruby/gems/1.8/gems/mongrel-1.1.2-x86-mswin32/bin/mongrel_rails:281
    C:/InstantRails-2.0-win/ruby/lib/ruby/gems/1.8/gems/activesupport-2.0.2/lib/active_support/dependencies.rb:489:in `load'
    C:/InstantRails-2.0-win/ruby/lib/ruby/gems/1.8/gems/activesupport-2.0.2/lib/active_support/dependencies.rb:489:in `load'
    C:/InstantRails-2.0-win/ruby/lib/ruby/gems/1.8/gems/activesupport-2.0.2/lib/active_support/dependencies.rb:342:in `new_constants_in'
    C:/InstantRails-2.0-win/ruby/lib/ruby/gems/1.8/gems/activesupport-2.0.2/lib/active_support/dependencies.rb:489:in `load'
    C:/InstantRails-2.0-win/ruby/lib/ruby/gems/1.8/gems/rails-2.0.2/lib/commands/servers/mongrel.rb:64
    C:/InstantRails-2.0-win/ruby/lib/ruby/site_ruby/1.8/rubygems/custom_require.rb:27:in `gem_original_require'
    C:/InstantRails-2.0-win/ruby/lib/ruby/site_ruby/1.8/rubygems/custom_require.rb:27:in `require'
    C:/InstantRails-2.0-win/ruby/lib/ruby/gems/1.8/gems/activesupport-2.0.2/lib/active_support/dependencies.rb:496:in `require'
    C:/InstantRails-2.0-win/ruby/lib/ruby/gems/1.8/gems/activesupport-2.0.2/lib/active_support/dependencies.rb:342:in `new_constants_in'
    C:/InstantRails-2.0-win/ruby/lib/ruby/gems/1.8/gems/activesupport-2.0.2/lib/active_support/dependencies.rb:496:in `require'
    C:/InstantRails-2.0-win/ruby/lib/ruby/gems/1.8/gems/rails-2.0.2/lib/commands/server.rb:39
    C:/InstantRails-2.0-win/ruby/lib/ruby/site_ruby/1.8/rubygems/custom_require.rb:27:in `gem_original_require'
    C:/InstantRails-2.0-win/ruby/lib/ruby/site_ruby/1.8/rubygems/custom_require.rb:27:in `require'
    script/server:3

Rendering C:/InstantRails-2.0-win/ruby/lib/ruby/gems/1.8/gems/actionpack-2.0.2/lib/action_controller/templates/rescues/layout.erb (not_found)


Processing MainController#welcome (for 127.0.0.1 at 2015-11-06 17:25:01) [GET]
  Session ID: fd2b2e4bc70c52e09fbc042987355179
  Parameters: {"action"=>"welcome", "controller"=>"main"}
  [4;36;1mSQL (0.000000)[0m   [0;1mSET NAMES 'utf8'[0m
  [4;35;1mSQL (0.000000)[0m   [0mSET SQL_AUTO_IS_NULL=0[0m


ActionController::UnknownAction (No action responded to welcome):
    C:/InstantRails-2.0-win/ruby/lib/ruby/gems/1.8/gems/actionpack-2.0.2/lib/action_controller/filters.rb:697:in `call_filters'
    C:/InstantRails-2.0-win/ruby/lib/ruby/gems/1.8/gems/actionpack-2.0.2/lib/action_controller/filters.rb:689:in `perform_action_without_benchmark'
    C:/InstantRails-2.0-win/ruby/lib/ruby/gems/1.8/gems/actionpack-2.0.2/lib/action_controller/benchmarking.rb:68:in `perform_action_without_rescue'
    C:/InstantRails-2.0-win/ruby/lib/ruby/1.8/benchmark.rb:293:in `measure'
    C:/InstantRails-2.0-win/ruby/lib/ruby/gems/1.8/gems/actionpack-2.0.2/lib/action_controller/benchmarking.rb:68:in `perform_action_without_rescue'
    C:/InstantRails-2.0-win/ruby/lib/ruby/gems/1.8/gems/actionpack-2.0.2/lib/action_controller/rescue.rb:199:in `perform_action_without_caching'
    C:/InstantRails-2.0-win/ruby/lib/ruby/gems/1.8/gems/actionpack-2.0.2/lib/action_controller/caching.rb:678:in `perform_action'
    C:/InstantRails-2.0-win/ruby/lib/ruby/gems/1.8/gems/activerecord-2.0.2/lib/active_record/connection_adapters/abstract/query_cache.rb:33:in `cache'
    C:/InstantRails-2.0-win/ruby/lib/ruby/gems/1.8/gems/activerecord-2.0.2/lib/active_record/query_cache.rb:8:in `cache'
    C:/InstantRails-2.0-win/ruby/lib/ruby/gems/1.8/gems/actionpack-2.0.2/lib/action_controller/caching.rb:677:in `perform_action'
    C:/InstantRails-2.0-win/ruby/lib/ruby/gems/1.8/gems/actionpack-2.0.2/lib/action_controller/base.rb:524:in `send'
    C:/InstantRails-2.0-win/ruby/lib/ruby/gems/1.8/gems/actionpack-2.0.2/lib/action_controller/base.rb:524:in `process_without_filters'
    C:/InstantRails-2.0-win/ruby/lib/ruby/gems/1.8/gems/actionpack-2.0.2/lib/action_controller/filters.rb:685:in `process_without_session_management_support'
    C:/InstantRails-2.0-win/ruby/lib/ruby/gems/1.8/gems/actionpack-2.0.2/lib/action_controller/session_management.rb:123:in `process'
    C:/InstantRails-2.0-win/ruby/lib/ruby/gems/1.8/gems/actionpack-2.0.2/lib/action_controller/base.rb:388:in `process'
    C:/InstantRails-2.0-win/ruby/lib/ruby/gems/1.8/gems/actionpack-2.0.2/lib/action_controller/dispatcher.rb:171:in `handle_request'
    C:/InstantRails-2.0-win/ruby/lib/ruby/gems/1.8/gems/actionpack-2.0.2/lib/action_controller/dispatcher.rb:115:in `dispatch'
    C:/InstantRails-2.0-win/ruby/lib/ruby/gems/1.8/gems/actionpack-2.0.2/lib/action_controller/dispatcher.rb:126:in `dispatch_cgi'
    C:/InstantRails-2.0-win/ruby/lib/ruby/gems/1.8/gems/actionpack-2.0.2/lib/action_controller/dispatcher.rb:9:in `dispatch'
    C:/InstantRails-2.0-win/ruby/lib/ruby/gems/1.8/gems/mongrel-1.1.2-x86-mswin32/bin/../lib/mongrel/rails.rb:76:in `process'
    C:/InstantRails-2.0-win/ruby/lib/ruby/gems/1.8/gems/mongrel-1.1.2-x86-mswin32/bin/../lib/mongrel/rails.rb:74:in `synchronize'
    C:/InstantRails-2.0-win/ruby/lib/ruby/gems/1.8/gems/mongrel-1.1.2-x86-mswin32/bin/../lib/mongrel/rails.rb:74:in `process'
    C:/InstantRails-2.0-win/ruby/lib/ruby/gems/1.8/gems/mongrel-1.1.2-x86-mswin32/lib/mongrel.rb:159:in `process_client'
    C:/InstantRails-2.0-win/ruby/lib/ruby/gems/1.8/gems/mongrel-1.1.2-x86-mswin32/lib/mongrel.rb:158:in `each'
    C:/InstantRails-2.0-win/ruby/lib/ruby/gems/1.8/gems/mongrel-1.1.2-x86-mswin32/lib/mongrel.rb:158:in `process_client'
    C:/InstantRails-2.0-win/ruby/lib/ruby/gems/1.8/gems/mongrel-1.1.2-x86-mswin32/lib/mongrel.rb:285:in `run'
    C:/InstantRails-2.0-win/ruby/lib/ruby/gems/1.8/gems/mongrel-1.1.2-x86-mswin32/lib/mongrel.rb:285:in `initialize'
    C:/InstantRails-2.0-win/ruby/lib/ruby/gems/1.8/gems/mongrel-1.1.2-x86-mswin32/lib/mongrel.rb:285:in `new'
    C:/InstantRails-2.0-win/ruby/lib/ruby/gems/1.8/gems/mongrel-1.1.2-x86-mswin32/lib/mongrel.rb:285:in `run'
    C:/InstantRails-2.0-win/ruby/lib/ruby/gems/1.8/gems/mongrel-1.1.2-x86-mswin32/lib/mongrel.rb:268:in `initialize'
    C:/InstantRails-2.0-win/ruby/lib/ruby/gems/1.8/gems/mongrel-1.1.2-x86-mswin32/lib/mongrel.rb:268:in `new'
    C:/InstantRails-2.0-win/ruby/lib/ruby/gems/1.8/gems/mongrel-1.1.2-x86-mswin32/lib/mongrel.rb:268:in `run'
    C:/InstantRails-2.0-win/ruby/lib/ruby/gems/1.8/gems/mongrel-1.1.2-x86-mswin32/lib/mongrel/configurator.rb:282:in `run'
    C:/InstantRails-2.0-win/ruby/lib/ruby/gems/1.8/gems/mongrel-1.1.2-x86-mswin32/lib/mongrel/configurator.rb:281:in `each'
    C:/InstantRails-2.0-win/ruby/lib/ruby/gems/1.8/gems/mongrel-1.1.2-x86-mswin32/lib/mongrel/configurator.rb:281:in `run'
    C:/InstantRails-2.0-win/ruby/lib/ruby/gems/1.8/gems/mongrel-1.1.2-x86-mswin32/bin/mongrel_rails:128:in `run'
    C:/InstantRails-2.0-win/ruby/lib/ruby/gems/1.8/gems/mongrel-1.1.2-x86-mswin32/lib/mongrel/command.rb:212:in `run'
    C:/InstantRails-2.0-win/ruby/lib/ruby/gems/1.8/gems/mongrel-1.1.2-x86-mswin32/bin/mongrel_rails:281
    C:/InstantRails-2.0-win/ruby/lib/ruby/gems/1.8/gems/activesupport-2.0.2/lib/active_support/dependencies.rb:489:in `load'
    C:/InstantRails-2.0-win/ruby/lib/ruby/gems/1.8/gems/activesupport-2.0.2/lib/active_support/dependencies.rb:489:in `load'
    C:/InstantRails-2.0-win/ruby/lib/ruby/gems/1.8/gems/activesupport-2.0.2/lib/active_support/dependencies.rb:342:in `new_constants_in'
    C:/InstantRails-2.0-win/ruby/lib/ruby/gems/1.8/gems/activesupport-2.0.2/lib/active_support/dependencies.rb:489:in `load'
    C:/InstantRails-2.0-win/ruby/lib/ruby/gems/1.8/gems/rails-2.0.2/lib/commands/servers/mongrel.rb:64
    C:/InstantRails-2.0-win/ruby/lib/ruby/site_ruby/1.8/rubygems/custom_require.rb:27:in `gem_original_require'
    C:/InstantRails-2.0-win/ruby/lib/ruby/site_ruby/1.8/rubygems/custom_require.rb:27:in `require'
    C:/InstantRails-2.0-win/ruby/lib/ruby/gems/1.8/gems/activesupport-2.0.2/lib/active_support/dependencies.rb:496:in `require'
    C:/InstantRails-2.0-win/ruby/lib/ruby/gems/1.8/gems/activesupport-2.0.2/lib/active_support/dependencies.rb:342:in `new_constants_in'
    C:/InstantRails-2.0-win/ruby/lib/ruby/gems/1.8/gems/activesupport-2.0.2/lib/active_support/dependencies.rb:496:in `require'
    C:/InstantRails-2.0-win/ruby/lib/ruby/gems/1.8/gems/rails-2.0.2/lib/commands/server.rb:39
    C:/InstantRails-2.0-win/ruby/lib/ruby/site_ruby/1.8/rubygems/custom_require.rb:27:in `gem_original_require'
    C:/InstantRails-2.0-win/ruby/lib/ruby/site_ruby/1.8/rubygems/custom_require.rb:27:in `require'
    script/server:3

Rendering C:/InstantRails-2.0-win/ruby/lib/ruby/gems/1.8/gems/actionpack-2.0.2/lib/action_controller/templates/rescues/layout.erb (not_found)


Processing MainController#welcome (for 127.0.0.1 at 2015-11-06 17:25:51) [GET]
  Session ID: BAh7BiIKZmxhc2hJQzonQWN0aW9uQ29udHJvbGxlcjo6Rmxhc2g6OkZsYXNo%0ASGFzaHsABjoKQHVzZWR7AA%3D%3D--c38eccd82e2cf0d9d53915ae21b53456c66ea40f
  Parameters: {"action"=>"welcome", "controller"=>"main"}


ActionController::UnknownAction (No action responded to welcome):
    C:/InstantRails-2.0-win/ruby/lib/ruby/gems/1.8/gems/actionpack-2.0.2/lib/action_controller/filters.rb:697:in `call_filters'
    C:/InstantRails-2.0-win/ruby/lib/ruby/gems/1.8/gems/actionpack-2.0.2/lib/action_controller/filters.rb:689:in `perform_action_without_benchmark'
    C:/InstantRails-2.0-win/ruby/lib/ruby/gems/1.8/gems/actionpack-2.0.2/lib/action_controller/benchmarking.rb:68:in `perform_action_without_rescue'
    C:/InstantRails-2.0-win/ruby/lib/ruby/1.8/benchmark.rb:293:in `measure'
    C:/InstantRails-2.0-win/ruby/lib/ruby/gems/1.8/gems/actionpack-2.0.2/lib/action_controller/benchmarking.rb:68:in `perform_action_without_rescue'
    C:/InstantRails-2.0-win/ruby/lib/ruby/gems/1.8/gems/actionpack-2.0.2/lib/action_controller/rescue.rb:199:in `perform_action_without_caching'
    C:/InstantRails-2.0-win/ruby/lib/ruby/gems/1.8/gems/actionpack-2.0.2/lib/action_controller/caching.rb:678:in `perform_action'
    C:/InstantRails-2.0-win/ruby/lib/ruby/gems/1.8/gems/activerecord-2.0.2/lib/active_record/connection_adapters/abstract/query_cache.rb:33:in `cache'
    C:/InstantRails-2.0-win/ruby/lib/ruby/gems/1.8/gems/activerecord-2.0.2/lib/active_record/query_cache.rb:8:in `cache'
    C:/InstantRails-2.0-win/ruby/lib/ruby/gems/1.8/gems/actionpack-2.0.2/lib/action_controller/caching.rb:677:in `perform_action'
    C:/InstantRails-2.0-win/ruby/lib/ruby/gems/1.8/gems/actionpack-2.0.2/lib/action_controller/base.rb:524:in `send'
    C:/InstantRails-2.0-win/ruby/lib/ruby/gems/1.8/gems/actionpack-2.0.2/lib/action_controller/base.rb:524:in `process_without_filters'
    C:/InstantRails-2.0-win/ruby/lib/ruby/gems/1.8/gems/actionpack-2.0.2/lib/action_controller/filters.rb:685:in `process_without_session_management_support'
    C:/InstantRails-2.0-win/ruby/lib/ruby/gems/1.8/gems/actionpack-2.0.2/lib/action_controller/session_management.rb:123:in `process'
    C:/InstantRails-2.0-win/ruby/lib/ruby/gems/1.8/gems/actionpack-2.0.2/lib/action_controller/base.rb:388:in `process'
    C:/InstantRails-2.0-win/ruby/lib/ruby/gems/1.8/gems/actionpack-2.0.2/lib/action_controller/dispatcher.rb:171:in `handle_request'
    C:/InstantRails-2.0-win/ruby/lib/ruby/gems/1.8/gems/actionpack-2.0.2/lib/action_controller/dispatcher.rb:115:in `dispatch'
    C:/InstantRails-2.0-win/ruby/lib/ruby/gems/1.8/gems/actionpack-2.0.2/lib/action_controller/dispatcher.rb:126:in `dispatch_cgi'
    C:/InstantRails-2.0-win/ruby/lib/ruby/gems/1.8/gems/actionpack-2.0.2/lib/action_controller/dispatcher.rb:9:in `dispatch'
    C:/InstantRails-2.0-win/ruby/lib/ruby/gems/1.8/gems/mongrel-1.1.2-x86-mswin32/bin/../lib/mongrel/rails.rb:76:in `process'
    C:/InstantRails-2.0-win/ruby/lib/ruby/gems/1.8/gems/mongrel-1.1.2-x86-mswin32/bin/../lib/mongrel/rails.rb:74:in `synchronize'
    C:/InstantRails-2.0-win/ruby/lib/ruby/gems/1.8/gems/mongrel-1.1.2-x86-mswin32/bin/../lib/mongrel/rails.rb:74:in `process'
    C:/InstantRails-2.0-win/ruby/lib/ruby/gems/1.8/gems/mongrel-1.1.2-x86-mswin32/lib/mongrel.rb:159:in `process_client'
    C:/InstantRails-2.0-win/ruby/lib/ruby/gems/1.8/gems/mongrel-1.1.2-x86-mswin32/lib/mongrel.rb:158:in `each'
    C:/InstantRails-2.0-win/ruby/lib/ruby/gems/1.8/gems/mongrel-1.1.2-x86-mswin32/lib/mongrel.rb:158:in `process_client'
    C:/InstantRails-2.0-win/ruby/lib/ruby/gems/1.8/gems/mongrel-1.1.2-x86-mswin32/lib/mongrel.rb:285:in `run'
    C:/InstantRails-2.0-win/ruby/lib/ruby/gems/1.8/gems/mongrel-1.1.2-x86-mswin32/lib/mongrel.rb:285:in `initialize'
    C:/InstantRails-2.0-win/ruby/lib/ruby/gems/1.8/gems/mongrel-1.1.2-x86-mswin32/lib/mongrel.rb:285:in `new'
    C:/InstantRails-2.0-win/ruby/lib/ruby/gems/1.8/gems/mongrel-1.1.2-x86-mswin32/lib/mongrel.rb:285:in `run'
    C:/InstantRails-2.0-win/ruby/lib/ruby/gems/1.8/gems/mongrel-1.1.2-x86-mswin32/lib/mongrel.rb:268:in `initialize'
    C:/InstantRails-2.0-win/ruby/lib/ruby/gems/1.8/gems/mongrel-1.1.2-x86-mswin32/lib/mongrel.rb:268:in `new'
    C:/InstantRails-2.0-win/ruby/lib/ruby/gems/1.8/gems/mongrel-1.1.2-x86-mswin32/lib/mongrel.rb:268:in `run'
    C:/InstantRails-2.0-win/ruby/lib/ruby/gems/1.8/gems/mongrel-1.1.2-x86-mswin32/lib/mongrel/configurator.rb:282:in `run'
    C:/InstantRails-2.0-win/ruby/lib/ruby/gems/1.8/gems/mongrel-1.1.2-x86-mswin32/lib/mongrel/configurator.rb:281:in `each'
    C:/InstantRails-2.0-win/ruby/lib/ruby/gems/1.8/gems/mongrel-1.1.2-x86-mswin32/lib/mongrel/configurator.rb:281:in `run'
    C:/InstantRails-2.0-win/ruby/lib/ruby/gems/1.8/gems/mongrel-1.1.2-x86-mswin32/bin/mongrel_rails:128:in `run'
    C:/InstantRails-2.0-win/ruby/lib/ruby/gems/1.8/gems/mongrel-1.1.2-x86-mswin32/lib/mongrel/command.rb:212:in `run'
    C:/InstantRails-2.0-win/ruby/lib/ruby/gems/1.8/gems/mongrel-1.1.2-x86-mswin32/bin/mongrel_rails:281
    C:/InstantRails-2.0-win/ruby/lib/ruby/gems/1.8/gems/activesupport-2.0.2/lib/active_support/dependencies.rb:489:in `load'
    C:/InstantRails-2.0-win/ruby/lib/ruby/gems/1.8/gems/activesupport-2.0.2/lib/active_support/dependencies.rb:489:in `load'
    C:/InstantRails-2.0-win/ruby/lib/ruby/gems/1.8/gems/activesupport-2.0.2/lib/active_support/dependencies.rb:342:in `new_constants_in'
    C:/InstantRails-2.0-win/ruby/lib/ruby/gems/1.8/gems/activesupport-2.0.2/lib/active_support/dependencies.rb:489:in `load'
    C:/InstantRails-2.0-win/ruby/lib/ruby/gems/1.8/gems/rails-2.0.2/lib/commands/servers/mongrel.rb:64
    C:/InstantRails-2.0-win/ruby/lib/ruby/site_ruby/1.8/rubygems/custom_require.rb:27:in `gem_original_require'
    C:/InstantRails-2.0-win/ruby/lib/ruby/site_ruby/1.8/rubygems/custom_require.rb:27:in `require'
    C:/InstantRails-2.0-win/ruby/lib/ruby/gems/1.8/gems/activesupport-2.0.2/lib/active_support/dependencies.rb:496:in `require'
    C:/InstantRails-2.0-win/ruby/lib/ruby/gems/1.8/gems/activesupport-2.0.2/lib/active_support/dependencies.rb:342:in `new_constants_in'
    C:/InstantRails-2.0-win/ruby/lib/ruby/gems/1.8/gems/activesupport-2.0.2/lib/active_support/dependencies.rb:496:in `require'
    C:/InstantRails-2.0-win/ruby/lib/ruby/gems/1.8/gems/rails-2.0.2/lib/commands/server.rb:39
    C:/InstantRails-2.0-win/ruby/lib/ruby/site_ruby/1.8/rubygems/custom_require.rb:27:in `gem_original_require'
    C:/InstantRails-2.0-win/ruby/lib/ruby/site_ruby/1.8/rubygems/custom_require.rb:27:in `require'
    script/server:3

Rendering C:/InstantRails-2.0-win/ruby/lib/ruby/gems/1.8/gems/actionpack-2.0.2/lib/action_controller/templates/rescues/layout.erb (not_found)


Processing MainController#welcome (for 127.0.0.1 at 2015-11-06 17:25:51) [GET]
  Session ID: BAh7BiIKZmxhc2hJQzonQWN0aW9uQ29udHJvbGxlcjo6Rmxhc2g6OkZsYXNo%0ASGFzaHsABjoKQHVzZWR7AA%3D%3D--c38eccd82e2cf0d9d53915ae21b53456c66ea40f
  Parameters: {"action"=>"welcome", "controller"=>"main"}


ActionController::UnknownAction (No action responded to welcome):
    C:/InstantRails-2.0-win/ruby/lib/ruby/gems/1.8/gems/actionpack-2.0.2/lib/action_controller/filters.rb:697:in `call_filters'
    C:/InstantRails-2.0-win/ruby/lib/ruby/gems/1.8/gems/actionpack-2.0.2/lib/action_controller/filters.rb:689:in `perform_action_without_benchmark'
    C:/InstantRails-2.0-win/ruby/lib/ruby/gems/1.8/gems/actionpack-2.0.2/lib/action_controller/benchmarking.rb:68:in `perform_action_without_rescue'
    C:/InstantRails-2.0-win/ruby/lib/ruby/1.8/benchmark.rb:293:in `measure'
    C:/InstantRails-2.0-win/ruby/lib/ruby/gems/1.8/gems/actionpack-2.0.2/lib/action_controller/benchmarking.rb:68:in `perform_action_without_rescue'
    C:/InstantRails-2.0-win/ruby/lib/ruby/gems/1.8/gems/actionpack-2.0.2/lib/action_controller/rescue.rb:199:in `perform_action_without_caching'
    C:/InstantRails-2.0-win/ruby/lib/ruby/gems/1.8/gems/actionpack-2.0.2/lib/action_controller/caching.rb:678:in `perform_action'
    C:/InstantRails-2.0-win/ruby/lib/ruby/gems/1.8/gems/activerecord-2.0.2/lib/active_record/connection_adapters/abstract/query_cache.rb:33:in `cache'
    C:/InstantRails-2.0-win/ruby/lib/ruby/gems/1.8/gems/activerecord-2.0.2/lib/active_record/query_cache.rb:8:in `cache'
    C:/InstantRails-2.0-win/ruby/lib/ruby/gems/1.8/gems/actionpack-2.0.2/lib/action_controller/caching.rb:677:in `perform_action'
    C:/InstantRails-2.0-win/ruby/lib/ruby/gems/1.8/gems/actionpack-2.0.2/lib/action_controller/base.rb:524:in `send'
    C:/InstantRails-2.0-win/ruby/lib/ruby/gems/1.8/gems/actionpack-2.0.2/lib/action_controller/base.rb:524:in `process_without_filters'
    C:/InstantRails-2.0-win/ruby/lib/ruby/gems/1.8/gems/actionpack-2.0.2/lib/action_controller/filters.rb:685:in `process_without_session_management_support'
    C:/InstantRails-2.0-win/ruby/lib/ruby/gems/1.8/gems/actionpack-2.0.2/lib/action_controller/session_management.rb:123:in `process'
    C:/InstantRails-2.0-win/ruby/lib/ruby/gems/1.8/gems/actionpack-2.0.2/lib/action_controller/base.rb:388:in `process'
    C:/InstantRails-2.0-win/ruby/lib/ruby/gems/1.8/gems/actionpack-2.0.2/lib/action_controller/dispatcher.rb:171:in `handle_request'
    C:/InstantRails-2.0-win/ruby/lib/ruby/gems/1.8/gems/actionpack-2.0.2/lib/action_controller/dispatcher.rb:115:in `dispatch'
    C:/InstantRails-2.0-win/ruby/lib/ruby/gems/1.8/gems/actionpack-2.0.2/lib/action_controller/dispatcher.rb:126:in `dispatch_cgi'
    C:/InstantRails-2.0-win/ruby/lib/ruby/gems/1.8/gems/actionpack-2.0.2/lib/action_controller/dispatcher.rb:9:in `dispatch'
    C:/InstantRails-2.0-win/ruby/lib/ruby/gems/1.8/gems/mongrel-1.1.2-x86-mswin32/bin/../lib/mongrel/rails.rb:76:in `process'
    C:/InstantRails-2.0-win/ruby/lib/ruby/gems/1.8/gems/mongrel-1.1.2-x86-mswin32/bin/../lib/mongrel/rails.rb:74:in `synchronize'
    C:/InstantRails-2.0-win/ruby/lib/ruby/gems/1.8/gems/mongrel-1.1.2-x86-mswin32/bin/../lib/mongrel/rails.rb:74:in `process'
    C:/InstantRails-2.0-win/ruby/lib/ruby/gems/1.8/gems/mongrel-1.1.2-x86-mswin32/lib/mongrel.rb:159:in `process_client'
    C:/InstantRails-2.0-win/ruby/lib/ruby/gems/1.8/gems/mongrel-1.1.2-x86-mswin32/lib/mongrel.rb:158:in `each'
    C:/InstantRails-2.0-win/ruby/lib/ruby/gems/1.8/gems/mongrel-1.1.2-x86-mswin32/lib/mongrel.rb:158:in `process_client'
    C:/InstantRails-2.0-win/ruby/lib/ruby/gems/1.8/gems/mongrel-1.1.2-x86-mswin32/lib/mongrel.rb:285:in `run'
    C:/InstantRails-2.0-win/ruby/lib/ruby/gems/1.8/gems/mongrel-1.1.2-x86-mswin32/lib/mongrel.rb:285:in `initialize'
    C:/InstantRails-2.0-win/ruby/lib/ruby/gems/1.8/gems/mongrel-1.1.2-x86-mswin32/lib/mongrel.rb:285:in `new'
    C:/InstantRails-2.0-win/ruby/lib/ruby/gems/1.8/gems/mongrel-1.1.2-x86-mswin32/lib/mongrel.rb:285:in `run'
    C:/InstantRails-2.0-win/ruby/lib/ruby/gems/1.8/gems/mongrel-1.1.2-x86-mswin32/lib/mongrel.rb:268:in `initialize'
    C:/InstantRails-2.0-win/ruby/lib/ruby/gems/1.8/gems/mongrel-1.1.2-x86-mswin32/lib/mongrel.rb:268:in `new'
    C:/InstantRails-2.0-win/ruby/lib/ruby/gems/1.8/gems/mongrel-1.1.2-x86-mswin32/lib/mongrel.rb:268:in `run'
    C:/InstantRails-2.0-win/ruby/lib/ruby/gems/1.8/gems/mongrel-1.1.2-x86-mswin32/lib/mongrel/configurator.rb:282:in `run'
    C:/InstantRails-2.0-win/ruby/lib/ruby/gems/1.8/gems/mongrel-1.1.2-x86-mswin32/lib/mongrel/configurator.rb:281:in `each'
    C:/InstantRails-2.0-win/ruby/lib/ruby/gems/1.8/gems/mongrel-1.1.2-x86-mswin32/lib/mongrel/configurator.rb:281:in `run'
    C:/InstantRails-2.0-win/ruby/lib/ruby/gems/1.8/gems/mongrel-1.1.2-x86-mswin32/bin/mongrel_rails:128:in `run'
    C:/InstantRails-2.0-win/ruby/lib/ruby/gems/1.8/gems/mongrel-1.1.2-x86-mswin32/lib/mongrel/command.rb:212:in `run'
    C:/InstantRails-2.0-win/ruby/lib/ruby/gems/1.8/gems/mongrel-1.1.2-x86-mswin32/bin/mongrel_rails:281
    C:/InstantRails-2.0-win/ruby/lib/ruby/gems/1.8/gems/activesupport-2.0.2/lib/active_support/dependencies.rb:489:in `load'
    C:/InstantRails-2.0-win/ruby/lib/ruby/gems/1.8/gems/activesupport-2.0.2/lib/active_support/dependencies.rb:489:in `load'
    C:/InstantRails-2.0-win/ruby/lib/ruby/gems/1.8/gems/activesupport-2.0.2/lib/active_support/dependencies.rb:342:in `new_constants_in'
    C:/InstantRails-2.0-win/ruby/lib/ruby/gems/1.8/gems/activesupport-2.0.2/lib/active_support/dependencies.rb:489:in `load'
    C:/InstantRails-2.0-win/ruby/lib/ruby/gems/1.8/gems/rails-2.0.2/lib/commands/servers/mongrel.rb:64
    C:/InstantRails-2.0-win/ruby/lib/ruby/site_ruby/1.8/rubygems/custom_require.rb:27:in `gem_original_require'
    C:/InstantRails-2.0-win/ruby/lib/ruby/site_ruby/1.8/rubygems/custom_require.rb:27:in `require'
    C:/InstantRails-2.0-win/ruby/lib/ruby/gems/1.8/gems/activesupport-2.0.2/lib/active_support/dependencies.rb:496:in `require'
    C:/InstantRails-2.0-win/ruby/lib/ruby/gems/1.8/gems/activesupport-2.0.2/lib/active_support/dependencies.rb:342:in `new_constants_in'
    C:/InstantRails-2.0-win/ruby/lib/ruby/gems/1.8/gems/activesupport-2.0.2/lib/active_support/dependencies.rb:496:in `require'
    C:/InstantRails-2.0-win/ruby/lib/ruby/gems/1.8/gems/rails-2.0.2/lib/commands/server.rb:39
    C:/InstantRails-2.0-win/ruby/lib/ruby/site_ruby/1.8/rubygems/custom_require.rb:27:in `gem_original_require'
    C:/InstantRails-2.0-win/ruby/lib/ruby/site_ruby/1.8/rubygems/custom_require.rb:27:in `require'
    script/server:3

Rendering C:/InstantRails-2.0-win/ruby/lib/ruby/gems/1.8/gems/actionpack-2.0.2/lib/action_controller/templates/rescues/layout.erb (not_found)


Processing MainController#welcome (for 127.0.0.1 at 2015-11-06 17:27:19) [GET]
  Session ID: BAh7BiIKZmxhc2hJQzonQWN0aW9uQ29udHJvbGxlcjo6Rmxhc2g6OkZsYXNo%0ASGFzaHsABjoKQHVzZWR7AA%3D%3D--c38eccd82e2cf0d9d53915ae21b53456c66ea40f
  Parameters: {"action"=>"welcome", "controller"=>"main"}


ActionController::UnknownAction (No action responded to welcome):
    C:/InstantRails-2.0-win/ruby/lib/ruby/gems/1.8/gems/actionpack-2.0.2/lib/action_controller/filters.rb:697:in `call_filters'
    C:/InstantRails-2.0-win/ruby/lib/ruby/gems/1.8/gems/actionpack-2.0.2/lib/action_controller/filters.rb:689:in `perform_action_without_benchmark'
    C:/InstantRails-2.0-win/ruby/lib/ruby/gems/1.8/gems/actionpack-2.0.2/lib/action_controller/benchmarking.rb:68:in `perform_action_without_rescue'
    C:/InstantRails-2.0-win/ruby/lib/ruby/1.8/benchmark.rb:293:in `measure'
    C:/InstantRails-2.0-win/ruby/lib/ruby/gems/1.8/gems/actionpack-2.0.2/lib/action_controller/benchmarking.rb:68:in `perform_action_without_rescue'
    C:/InstantRails-2.0-win/ruby/lib/ruby/gems/1.8/gems/actionpack-2.0.2/lib/action_controller/rescue.rb:199:in `perform_action_without_caching'
    C:/InstantRails-2.0-win/ruby/lib/ruby/gems/1.8/gems/actionpack-2.0.2/lib/action_controller/caching.rb:678:in `perform_action'
    C:/InstantRails-2.0-win/ruby/lib/ruby/gems/1.8/gems/activerecord-2.0.2/lib/active_record/connection_adapters/abstract/query_cache.rb:33:in `cache'
    C:/InstantRails-2.0-win/ruby/lib/ruby/gems/1.8/gems/activerecord-2.0.2/lib/active_record/query_cache.rb:8:in `cache'
    C:/InstantRails-2.0-win/ruby/lib/ruby/gems/1.8/gems/actionpack-2.0.2/lib/action_controller/caching.rb:677:in `perform_action'
    C:/InstantRails-2.0-win/ruby/lib/ruby/gems/1.8/gems/actionpack-2.0.2/lib/action_controller/base.rb:524:in `send'
    C:/InstantRails-2.0-win/ruby/lib/ruby/gems/1.8/gems/actionpack-2.0.2/lib/action_controller/base.rb:524:in `process_without_filters'
    C:/InstantRails-2.0-win/ruby/lib/ruby/gems/1.8/gems/actionpack-2.0.2/lib/action_controller/filters.rb:685:in `process_without_session_management_support'
    C:/InstantRails-2.0-win/ruby/lib/ruby/gems/1.8/gems/actionpack-2.0.2/lib/action_controller/session_management.rb:123:in `process'
    C:/InstantRails-2.0-win/ruby/lib/ruby/gems/1.8/gems/actionpack-2.0.2/lib/action_controller/base.rb:388:in `process'
    C:/InstantRails-2.0-win/ruby/lib/ruby/gems/1.8/gems/actionpack-2.0.2/lib/action_controller/dispatcher.rb:171:in `handle_request'
    C:/InstantRails-2.0-win/ruby/lib/ruby/gems/1.8/gems/actionpack-2.0.2/lib/action_controller/dispatcher.rb:115:in `dispatch'
    C:/InstantRails-2.0-win/ruby/lib/ruby/gems/1.8/gems/actionpack-2.0.2/lib/action_controller/dispatcher.rb:126:in `dispatch_cgi'
    C:/InstantRails-2.0-win/ruby/lib/ruby/gems/1.8/gems/actionpack-2.0.2/lib/action_controller/dispatcher.rb:9:in `dispatch'
    C:/InstantRails-2.0-win/ruby/lib/ruby/gems/1.8/gems/mongrel-1.1.2-x86-mswin32/bin/../lib/mongrel/rails.rb:76:in `process'
    C:/InstantRails-2.0-win/ruby/lib/ruby/gems/1.8/gems/mongrel-1.1.2-x86-mswin32/bin/../lib/mongrel/rails.rb:74:in `synchronize'
    C:/InstantRails-2.0-win/ruby/lib/ruby/gems/1.8/gems/mongrel-1.1.2-x86-mswin32/bin/../lib/mongrel/rails.rb:74:in `process'
    C:/InstantRails-2.0-win/ruby/lib/ruby/gems/1.8/gems/mongrel-1.1.2-x86-mswin32/lib/mongrel.rb:159:in `process_client'
    C:/InstantRails-2.0-win/ruby/lib/ruby/gems/1.8/gems/mongrel-1.1.2-x86-mswin32/lib/mongrel.rb:158:in `each'
    C:/InstantRails-2.0-win/ruby/lib/ruby/gems/1.8/gems/mongrel-1.1.2-x86-mswin32/lib/mongrel.rb:158:in `process_client'
    C:/InstantRails-2.0-win/ruby/lib/ruby/gems/1.8/gems/mongrel-1.1.2-x86-mswin32/lib/mongrel.rb:285:in `run'
    C:/InstantRails-2.0-win/ruby/lib/ruby/gems/1.8/gems/mongrel-1.1.2-x86-mswin32/lib/mongrel.rb:285:in `initialize'
    C:/InstantRails-2.0-win/ruby/lib/ruby/gems/1.8/gems/mongrel-1.1.2-x86-mswin32/lib/mongrel.rb:285:in `new'
    C:/InstantRails-2.0-win/ruby/lib/ruby/gems/1.8/gems/mongrel-1.1.2-x86-mswin32/lib/mongrel.rb:285:in `run'
    C:/InstantRails-2.0-win/ruby/lib/ruby/gems/1.8/gems/mongrel-1.1.2-x86-mswin32/lib/mongrel.rb:268:in `initialize'
    C:/InstantRails-2.0-win/ruby/lib/ruby/gems/1.8/gems/mongrel-1.1.2-x86-mswin32/lib/mongrel.rb:268:in `new'
    C:/InstantRails-2.0-win/ruby/lib/ruby/gems/1.8/gems/mongrel-1.1.2-x86-mswin32/lib/mongrel.rb:268:in `run'
    C:/InstantRails-2.0-win/ruby/lib/ruby/gems/1.8/gems/mongrel-1.1.2-x86-mswin32/lib/mongrel/configurator.rb:282:in `run'
    C:/InstantRails-2.0-win/ruby/lib/ruby/gems/1.8/gems/mongrel-1.1.2-x86-mswin32/lib/mongrel/configurator.rb:281:in `each'
    C:/InstantRails-2.0-win/ruby/lib/ruby/gems/1.8/gems/mongrel-1.1.2-x86-mswin32/lib/mongrel/configurator.rb:281:in `run'
    C:/InstantRails-2.0-win/ruby/lib/ruby/gems/1.8/gems/mongrel-1.1.2-x86-mswin32/bin/mongrel_rails:128:in `run'
    C:/InstantRails-2.0-win/ruby/lib/ruby/gems/1.8/gems/mongrel-1.1.2-x86-mswin32/lib/mongrel/command.rb:212:in `run'
    C:/InstantRails-2.0-win/ruby/lib/ruby/gems/1.8/gems/mongrel-1.1.2-x86-mswin32/bin/mongrel_rails:281
    C:/InstantRails-2.0-win/ruby/lib/ruby/gems/1.8/gems/activesupport-2.0.2/lib/active_support/dependencies.rb:489:in `load'
    C:/InstantRails-2.0-win/ruby/lib/ruby/gems/1.8/gems/activesupport-2.0.2/lib/active_support/dependencies.rb:489:in `load'
    C:/InstantRails-2.0-win/ruby/lib/ruby/gems/1.8/gems/activesupport-2.0.2/lib/active_support/dependencies.rb:342:in `new_constants_in'
    C:/InstantRails-2.0-win/ruby/lib/ruby/gems/1.8/gems/activesupport-2.0.2/lib/active_support/dependencies.rb:489:in `load'
    C:/InstantRails-2.0-win/ruby/lib/ruby/gems/1.8/gems/rails-2.0.2/lib/commands/servers/mongrel.rb:64
    C:/InstantRails-2.0-win/ruby/lib/ruby/site_ruby/1.8/rubygems/custom_require.rb:27:in `gem_original_require'
    C:/InstantRails-2.0-win/ruby/lib/ruby/site_ruby/1.8/rubygems/custom_require.rb:27:in `require'
    C:/InstantRails-2.0-win/ruby/lib/ruby/gems/1.8/gems/activesupport-2.0.2/lib/active_support/dependencies.rb:496:in `require'
    C:/InstantRails-2.0-win/ruby/lib/ruby/gems/1.8/gems/activesupport-2.0.2/lib/active_support/dependencies.rb:342:in `new_constants_in'
    C:/InstantRails-2.0-win/ruby/lib/ruby/gems/1.8/gems/activesupport-2.0.2/lib/active_support/dependencies.rb:496:in `require'
    C:/InstantRails-2.0-win/ruby/lib/ruby/gems/1.8/gems/rails-2.0.2/lib/commands/server.rb:39
    C:/InstantRails-2.0-win/ruby/lib/ruby/site_ruby/1.8/rubygems/custom_require.rb:27:in `gem_original_require'
    C:/InstantRails-2.0-win/ruby/lib/ruby/site_ruby/1.8/rubygems/custom_require.rb:27:in `require'
    script/server:3

Rendering C:/InstantRails-2.0-win/ruby/lib/ruby/gems/1.8/gems/actionpack-2.0.2/lib/action_controller/templates/rescues/layout.erb (not_found)


Processing BooksController#index (for 127.0.0.1 at 2015-11-30 07:13:25) [GET]
  Session ID: f1a07bb7454afddaf28b3048a7c5467e
  Parameters: {"action"=>"index", "controller"=>"books"}
  [4;36;1mSQL (0.000000)[0m   [0;1mSET NAMES 'utf8'[0m
  [4;35;1mSQL (0.000000)[0m   [0mSET SQL_AUTO_IS_NULL=0[0m
  [4;36;1mBook Load (0.069000)[0m   [0;1mSELECT * FROM `books` [0m
Rendering template within layouts/books
Rendering books/index
  [4;35;1mBook Columns (0.004000)[0m   [0mSHOW FIELDS FROM `books`[0m
Completed in 0.22800 (4 reqs/sec) | Rendering: 0.09900 (43%) | DB: 0.07300 (32%) | 200 OK [http://localhost/books]


Processing BooksController#new (for 127.0.0.1 at 2015-11-30 07:13:28) [GET]
  Session ID: BAh7BzoMY3NyZl9pZCIlZWMwNDMzZTRjYTJlMzA5MTVlZTM3MzExNmMzODg2%0ANTkiCmZsYXNoSUM6J0FjdGlvbkNvbnRyb2xsZXI6OkZsYXNoOjpGbGFzaEhh%0Ac2h7AAY6CkB1c2VkewA%3D--92a0533fd2419d085a6eb097ddb5e7027b890aa3
  Parameters: {"action"=>"new", "controller"=>"books"}
  [4;36;1mBook Columns (0.004000)[0m   [0;1mSHOW FIELDS FROM `books`[0m
Rendering template within layouts/books
Rendering books/new
Completed in 0.04300 (23 reqs/sec) | Rendering: 0.03200 (74%) | DB: 0.00400 (9%) | 200 OK [http://localhost/books/new]


Processing BooksController#index (for 127.0.0.1 at 2015-11-30 07:14:08) [GET]
  Session ID: 56d139b649f97097d25a7e37b70e560a
  Parameters: {"format"=>"com", "action"=>"index", "controller"=>"books"}
  [4;35;1mBook Load (0.000000)[0m   [0mSELECT * FROM `books` [0m
Completed in 0.00800 (124 reqs/sec) | Rendering: 0.00100 (12%) | DB: 0.00000 (0%) | 406 Not Acceptable [http://localhost/books.com]


Processing BooksController#index (for 127.0.0.1 at 2015-11-30 07:14:16) [GET]
  Session ID: BAh7BiIKZmxhc2hJQzonQWN0aW9uQ29udHJvbGxlcjo6Rmxhc2g6OkZsYXNo%0ASGFzaHsABjoKQHVzZWR7AA%3D%3D--c38eccd82e2cf0d9d53915ae21b53456c66ea40f
  Parameters: {"format"=>"com", "action"=>"index", "controller"=>"books"}
  [4;36;1mBook Load (0.000000)[0m   [0;1mSELECT * FROM `books` [0m
Completed in 0.00900 (111 reqs/sec) | Rendering: 0.00000 (0%) | DB: 0.00000 (0%) | 406 Not Acceptable [http://localhost/books.com]


Processing BooksController#new (for 127.0.0.1 at 2015-11-30 07:14:19) [GET]
  Session ID: BAh7BzoMY3NyZl9pZCIlZWMwNDMzZTRjYTJlMzA5MTVlZTM3MzExNmMzODg2%0ANTkiCmZsYXNoSUM6J0FjdGlvbkNvbnRyb2xsZXI6OkZsYXNoOjpGbGFzaEhh%0Ac2h7AAY6CkB1c2VkewA%3D--92a0533fd2419d085a6eb097ddb5e7027b890aa3
  Parameters: {"action"=>"new", "controller"=>"books"}
  [4;35;1mBook Columns (0.004000)[0m   [0mSHOW FIELDS FROM `books`[0m
Rendering template within layouts/books
Rendering books/new
Completed in 0.01800 (55 reqs/sec) | Rendering: 0.00500 (27%) | DB: 0.00400 (22%) | 200 OK [http://localhost/books/new]


Processing BooksController#create (for 127.0.0.1 at 2015-11-30 07:14:44) [POST]
  Session ID: BAh7BzoMY3NyZl9pZCIlZWMwNDMzZTRjYTJlMzA5MTVlZTM3MzExNmMzODg2%0ANTkiCmZsYXNoSUM6J0FjdGlvbkNvbnRyb2xsZXI6OkZsYXNoOjpGbGFzaEhh%0Ac2h7AAY6CkB1c2VkewA%3D--92a0533fd2419d085a6eb097ddb5e7027b890aa3
  Parameters: {"commit"=>"Create", "authenticity_token"=>"acde89fbba264b96e7c6ae8085cac15b6e40c02c", "action"=>"create", "controller"=>"books", "book"=>{"acc_no"=>"456", "title"=>"web program", "publisher"=>"subhash", "authors"=>"sandeep", "edition"=>"4"}}
  [4;36;1mBook Columns (0.005000)[0m   [0;1mSHOW FIELDS FROM `books`[0m
  [4;35;1mSQL (0.000000)[0m   [0mBEGIN[0m
  [4;36;1mBook Create (0.001000)[0m   [0;1mINSERT INTO `books` (`acc_no`, `title`, `publisher`, `authors`, `edition`) VALUES('456', 'web program', 'subhash', 'sandeep', '4')[0m
  [4;35;1mSQL (0.000000)[0m   [0mCOMMIT[0m
Redirected to http://localhost:3000/books/4
Completed in 0.01800 (55 reqs/sec) | DB: 0.00600 (33%) | 302 Found [http://localhost/books]


Processing BooksController#show (for 127.0.0.1 at 2015-11-30 07:14:44) [GET]
  Session ID: BAh7BzoMY3NyZl9pZCIlZWMwNDMzZTRjYTJlMzA5MTVlZTM3MzExNmMzODg2%0ANTkiCmZsYXNoSUM6J0FjdGlvbkNvbnRyb2xsZXI6OkZsYXNoOjpGbGFzaEhh%0Ac2h7BjoLbm90aWNlIiNCb29rIHdhcyBzdWNjZXNzZnVsbHkgY3JlYXRlZC4G%0AOgpAdXNlZHsGOwdU--4f791110d1ad84e2393ae772360c1912c2dad323
  Parameters: {"action"=>"show", "id"=>"4", "controller"=>"books"}
  [4;36;1mBook Columns (0.004000)[0m   [0;1mSHOW FIELDS FROM `books`[0m
  [4;35;1mBook Load (0.002000)[0m   [0mSELECT * FROM `books` WHERE (`books`.`id` = 4) [0m
Rendering template within layouts/books
Rendering books/show
Completed in 0.04400 (22 reqs/sec) | Rendering: 0.02700 (61%) | DB: 0.00600 (13%) | 200 OK [http://localhost/books/4]


Processing ApplicationController#welcome (for 127.0.0.1 at 2015-11-30 07:47:30) [GET]
  Session ID: BAh7BzoMY3NyZl9pZCIlZWMwNDMzZTRjYTJlMzA5MTVlZTM3MzExNmMzODg2%0ANTkiCmZsYXNoSUM6J0FjdGlvbkNvbnRyb2xsZXI6OkZsYXNoOjpGbGFzaEhh%0Ac2h7AAY6CkB1c2VkewA%3D--92a0533fd2419d085a6eb097ddb5e7027b890aa3
  Parameters: {"action"=>"welcome", "controller"=>"main"}


SyntaxError (C:/InstantRails-2.0-win/rails_apps/v7/app/controllers/main_controller.rb:11: syntax error, unexpected '(', expecting kEND
@bookz=Book:find(:all,:conditions=>"id=#{@bookid}")
                 ^
C:/InstantRails-2.0-win/rails_apps/v7/app/controllers/main_controller.rb:11: syntax error, unexpected ')', expecting kEND):
    C:/InstantRails-2.0-win/ruby/lib/ruby/gems/1.8/gems/activesupport-2.0.2/lib/active_support/dependencies.rb:203:in `load_without_new_constant_marking'
    C:/InstantRails-2.0-win/ruby/lib/ruby/gems/1.8/gems/activesupport-2.0.2/lib/active_support/dependencies.rb:203:in `load_file'
    C:/InstantRails-2.0-win/ruby/lib/ruby/gems/1.8/gems/activesupport-2.0.2/lib/active_support/dependencies.rb:342:in `new_constants_in'
    C:/InstantRails-2.0-win/ruby/lib/ruby/gems/1.8/gems/activesupport-2.0.2/lib/active_support/dependencies.rb:202:in `load_file'
    C:/InstantRails-2.0-win/ruby/lib/ruby/gems/1.8/gems/activesupport-2.0.2/lib/active_support/dependencies.rb:94:in `require_or_load'
    C:/InstantRails-2.0-win/ruby/lib/ruby/gems/1.8/gems/activesupport-2.0.2/lib/active_support/dependencies.rb:248:in `load_missing_constant'
    C:/InstantRails-2.0-win/ruby/lib/ruby/gems/1.8/gems/activesupport-2.0.2/lib/active_support/dependencies.rb:453:in `const_missing'
    C:/InstantRails-2.0-win/ruby/lib/ruby/gems/1.8/gems/activesupport-2.0.2/lib/active_support/dependencies.rb:465:in `const_missing'
    C:/InstantRails-2.0-win/ruby/lib/ruby/gems/1.8/gems/activesupport-2.0.2/lib/active_support/inflector.rb:257:in `constantize'
    C:/InstantRails-2.0-win/ruby/lib/ruby/gems/1.8/gems/activesupport-2.0.2/lib/active_support/core_ext/string/inflections.rb:148:in `constantize'
    C:/InstantRails-2.0-win/ruby/lib/ruby/gems/1.8/gems/actionpack-2.0.2/lib/action_controller/routing.rb:1426:in `recognize'
    C:/InstantRails-2.0-win/ruby/lib/ruby/gems/1.8/gems/actionpack-2.0.2/lib/action_controller/dispatcher.rb:170:in `handle_request'
    C:/InstantRails-2.0-win/ruby/lib/ruby/gems/1.8/gems/actionpack-2.0.2/lib/action_controller/dispatcher.rb:115:in `dispatch'
    C:/InstantRails-2.0-win/ruby/lib/ruby/gems/1.8/gems/actionpack-2.0.2/lib/action_controller/dispatcher.rb:126:in `dispatch_cgi'
    C:/InstantRails-2.0-win/ruby/lib/ruby/gems/1.8/gems/actionpack-2.0.2/lib/action_controller/dispatcher.rb:9:in `dispatch'
    C:/InstantRails-2.0-win/ruby/lib/ruby/gems/1.8/gems/mongrel-1.1.2-x86-mswin32/bin/../lib/mongrel/rails.rb:76:in `process'
    C:/InstantRails-2.0-win/ruby/lib/ruby/gems/1.8/gems/mongrel-1.1.2-x86-mswin32/bin/../lib/mongrel/rails.rb:74:in `synchronize'
    C:/InstantRails-2.0-win/ruby/lib/ruby/gems/1.8/gems/mongrel-1.1.2-x86-mswin32/bin/../lib/mongrel/rails.rb:74:in `process'
    C:/InstantRails-2.0-win/ruby/lib/ruby/gems/1.8/gems/mongrel-1.1.2-x86-mswin32/lib/mongrel.rb:159:in `process_client'
    C:/InstantRails-2.0-win/ruby/lib/ruby/gems/1.8/gems/mongrel-1.1.2-x86-mswin32/lib/mongrel.rb:158:in `each'
    C:/InstantRails-2.0-win/ruby/lib/ruby/gems/1.8/gems/mongrel-1.1.2-x86-mswin32/lib/mongrel.rb:158:in `process_client'
    C:/InstantRails-2.0-win/ruby/lib/ruby/gems/1.8/gems/mongrel-1.1.2-x86-mswin32/lib/mongrel.rb:285:in `run'
    C:/InstantRails-2.0-win/ruby/lib/ruby/gems/1.8/gems/mongrel-1.1.2-x86-mswin32/lib/mongrel.rb:285:in `initialize'
    C:/InstantRails-2.0-win/ruby/lib/ruby/gems/1.8/gems/mongrel-1.1.2-x86-mswin32/lib/mongrel.rb:285:in `new'
    C:/InstantRails-2.0-win/ruby/lib/ruby/gems/1.8/gems/mongrel-1.1.2-x86-mswin32/lib/mongrel.rb:285:in `run'
    C:/InstantRails-2.0-win/ruby/lib/ruby/gems/1.8/gems/mongrel-1.1.2-x86-mswin32/lib/mongrel.rb:268:in `initialize'
    C:/InstantRails-2.0-win/ruby/lib/ruby/gems/1.8/gems/mongrel-1.1.2-x86-mswin32/lib/mongrel.rb:268:in `new'
    C:/InstantRails-2.0-win/ruby/lib/ruby/gems/1.8/gems/mongrel-1.1.2-x86-mswin32/lib/mongrel.rb:268:in `run'
    C:/InstantRails-2.0-win/ruby/lib/ruby/gems/1.8/gems/mongrel-1.1.2-x86-mswin32/lib/mongrel/configurator.rb:282:in `run'
    C:/InstantRails-2.0-win/ruby/lib/ruby/gems/1.8/gems/mongrel-1.1.2-x86-mswin32/lib/mongrel/configurator.rb:281:in `each'
    C:/InstantRails-2.0-win/ruby/lib/ruby/gems/1.8/gems/mongrel-1.1.2-x86-mswin32/lib/mongrel/configurator.rb:281:in `run'
    C:/InstantRails-2.0-win/ruby/lib/ruby/gems/1.8/gems/mongrel-1.1.2-x86-mswin32/bin/mongrel_rails:128:in `run'
    C:/InstantRails-2.0-win/ruby/lib/ruby/gems/1.8/gems/mongrel-1.1.2-x86-mswin32/lib/mongrel/command.rb:212:in `run'
    C:/InstantRails-2.0-win/ruby/lib/ruby/gems/1.8/gems/mongrel-1.1.2-x86-mswin32/bin/mongrel_rails:281
    C:/InstantRails-2.0-win/ruby/lib/ruby/gems/1.8/gems/activesupport-2.0.2/lib/active_support/dependencies.rb:489:in `load'
    C:/InstantRails-2.0-win/ruby/lib/ruby/gems/1.8/gems/activesupport-2.0.2/lib/active_support/dependencies.rb:489:in `load'
    C:/InstantRails-2.0-win/ruby/lib/ruby/gems/1.8/gems/activesupport-2.0.2/lib/active_support/dependencies.rb:342:in `new_constants_in'
    C:/InstantRails-2.0-win/ruby/lib/ruby/gems/1.8/gems/activesupport-2.0.2/lib/active_support/dependencies.rb:489:in `load'
    C:/InstantRails-2.0-win/ruby/lib/ruby/gems/1.8/gems/rails-2.0.2/lib/commands/servers/mongrel.rb:64
    C:/InstantRails-2.0-win/ruby/lib/ruby/site_ruby/1.8/rubygems/custom_require.rb:27:in `gem_original_require'
    C:/InstantRails-2.0-win/ruby/lib/ruby/site_ruby/1.8/rubygems/custom_require.rb:27:in `require'
    C:/InstantRails-2.0-win/ruby/lib/ruby/gems/1.8/gems/activesupport-2.0.2/lib/active_support/dependencies.rb:496:in `require'
    C:/InstantRails-2.0-win/ruby/lib/ruby/gems/1.8/gems/activesupport-2.0.2/lib/active_support/dependencies.rb:342:in `new_constants_in'
    C:/InstantRails-2.0-win/ruby/lib/ruby/gems/1.8/gems/activesupport-2.0.2/lib/active_support/dependencies.rb:496:in `require'
    C:/InstantRails-2.0-win/ruby/lib/ruby/gems/1.8/gems/rails-2.0.2/lib/commands/server.rb:39
    C:/InstantRails-2.0-win/ruby/lib/ruby/site_ruby/1.8/rubygems/custom_require.rb:27:in `gem_original_require'
    C:/InstantRails-2.0-win/ruby/lib/ruby/site_ruby/1.8/rubygems/custom_require.rb:27:in `require'
    script/server:3

Rendering C:/InstantRails-2.0-win/ruby/lib/ruby/gems/1.8/gems/actionpack-2.0.2/lib/action_controller/templates/rescues/layout.erb (internal_server_error)


Processing ApplicationController#welcome (for 127.0.0.1 at 2015-11-30 07:47:32) [GET]
  Session ID: BAh7BzoMY3NyZl9pZCIlZWMwNDMzZTRjYTJlMzA5MTVlZTM3MzExNmMzODg2%0ANTkiCmZsYXNoSUM6J0FjdGlvbkNvbnRyb2xsZXI6OkZsYXNoOjpGbGFzaEhh%0Ac2h7AAY6CkB1c2VkewA%3D--92a0533fd2419d085a6eb097ddb5e7027b890aa3
  Parameters: {"action"=>"welcome", "controller"=>"main"}


SyntaxError (C:/InstantRails-2.0-win/rails_apps/v7/app/controllers/main_controller.rb:11: syntax error, unexpected '(', expecting kEND
@bookz=Book:find(:all,:conditions=>"id=#{@bookid}")
                 ^
C:/InstantRails-2.0-win/rails_apps/v7/app/controllers/main_controller.rb:11: syntax error, unexpected ')', expecting kEND):
    C:/InstantRails-2.0-win/ruby/lib/ruby/gems/1.8/gems/activesupport-2.0.2/lib/active_support/dependencies.rb:203:in `load_without_new_constant_marking'
    C:/InstantRails-2.0-win/ruby/lib/ruby/gems/1.8/gems/activesupport-2.0.2/lib/active_support/dependencies.rb:203:in `load_file'
    C:/InstantRails-2.0-win/ruby/lib/ruby/gems/1.8/gems/activesupport-2.0.2/lib/active_support/dependencies.rb:342:in `new_constants_in'
    C:/InstantRails-2.0-win/ruby/lib/ruby/gems/1.8/gems/activesupport-2.0.2/lib/active_support/dependencies.rb:202:in `load_file'
    C:/InstantRails-2.0-win/ruby/lib/ruby/gems/1.8/gems/activesupport-2.0.2/lib/active_support/dependencies.rb:94:in `require_or_load'
    C:/InstantRails-2.0-win/ruby/lib/ruby/gems/1.8/gems/activesupport-2.0.2/lib/active_support/dependencies.rb:248:in `load_missing_constant'
    C:/InstantRails-2.0-win/ruby/lib/ruby/gems/1.8/gems/activesupport-2.0.2/lib/active_support/dependencies.rb:453:in `const_missing'
    C:/InstantRails-2.0-win/ruby/lib/ruby/gems/1.8/gems/activesupport-2.0.2/lib/active_support/dependencies.rb:465:in `const_missing'
    C:/InstantRails-2.0-win/ruby/lib/ruby/gems/1.8/gems/activesupport-2.0.2/lib/active_support/inflector.rb:257:in `constantize'
    C:/InstantRails-2.0-win/ruby/lib/ruby/gems/1.8/gems/activesupport-2.0.2/lib/active_support/core_ext/string/inflections.rb:148:in `constantize'
    C:/InstantRails-2.0-win/ruby/lib/ruby/gems/1.8/gems/actionpack-2.0.2/lib/action_controller/routing.rb:1426:in `recognize'
    C:/InstantRails-2.0-win/ruby/lib/ruby/gems/1.8/gems/actionpack-2.0.2/lib/action_controller/dispatcher.rb:170:in `handle_request'
    C:/InstantRails-2.0-win/ruby/lib/ruby/gems/1.8/gems/actionpack-2.0.2/lib/action_controller/dispatcher.rb:115:in `dispatch'
    C:/InstantRails-2.0-win/ruby/lib/ruby/gems/1.8/gems/actionpack-2.0.2/lib/action_controller/dispatcher.rb:126:in `dispatch_cgi'
    C:/InstantRails-2.0-win/ruby/lib/ruby/gems/1.8/gems/actionpack-2.0.2/lib/action_controller/dispatcher.rb:9:in `dispatch'
    C:/InstantRails-2.0-win/ruby/lib/ruby/gems/1.8/gems/mongrel-1.1.2-x86-mswin32/bin/../lib/mongrel/rails.rb:76:in `process'
    C:/InstantRails-2.0-win/ruby/lib/ruby/gems/1.8/gems/mongrel-1.1.2-x86-mswin32/bin/../lib/mongrel/rails.rb:74:in `synchronize'
    C:/InstantRails-2.0-win/ruby/lib/ruby/gems/1.8/gems/mongrel-1.1.2-x86-mswin32/bin/../lib/mongrel/rails.rb:74:in `process'
    C:/InstantRails-2.0-win/ruby/lib/ruby/gems/1.8/gems/mongrel-1.1.2-x86-mswin32/lib/mongrel.rb:159:in `process_client'
    C:/InstantRails-2.0-win/ruby/lib/ruby/gems/1.8/gems/mongrel-1.1.2-x86-mswin32/lib/mongrel.rb:158:in `each'
    C:/InstantRails-2.0-win/ruby/lib/ruby/gems/1.8/gems/mongrel-1.1.2-x86-mswin32/lib/mongrel.rb:158:in `process_client'
    C:/InstantRails-2.0-win/ruby/lib/ruby/gems/1.8/gems/mongrel-1.1.2-x86-mswin32/lib/mongrel.rb:285:in `run'
    C:/InstantRails-2.0-win/ruby/lib/ruby/gems/1.8/gems/mongrel-1.1.2-x86-mswin32/lib/mongrel.rb:285:in `initialize'
    C:/InstantRails-2.0-win/ruby/lib/ruby/gems/1.8/gems/mongrel-1.1.2-x86-mswin32/lib/mongrel.rb:285:in `new'
    C:/InstantRails-2.0-win/ruby/lib/ruby/gems/1.8/gems/mongrel-1.1.2-x86-mswin32/lib/mongrel.rb:285:in `run'
    C:/InstantRails-2.0-win/ruby/lib/ruby/gems/1.8/gems/mongrel-1.1.2-x86-mswin32/lib/mongrel.rb:268:in `initialize'
    C:/InstantRails-2.0-win/ruby/lib/ruby/gems/1.8/gems/mongrel-1.1.2-x86-mswin32/lib/mongrel.rb:268:in `new'
    C:/InstantRails-2.0-win/ruby/lib/ruby/gems/1.8/gems/mongrel-1.1.2-x86-mswin32/lib/mongrel.rb:268:in `run'
    C:/InstantRails-2.0-win/ruby/lib/ruby/gems/1.8/gems/mongrel-1.1.2-x86-mswin32/lib/mongrel/configurator.rb:282:in `run'
    C:/InstantRails-2.0-win/ruby/lib/ruby/gems/1.8/gems/mongrel-1.1.2-x86-mswin32/lib/mongrel/configurator.rb:281:in `each'
    C:/InstantRails-2.0-win/ruby/lib/ruby/gems/1.8/gems/mongrel-1.1.2-x86-mswin32/lib/mongrel/configurator.rb:281:in `run'
    C:/InstantRails-2.0-win/ruby/lib/ruby/gems/1.8/gems/mongrel-1.1.2-x86-mswin32/bin/mongrel_rails:128:in `run'
    C:/InstantRails-2.0-win/ruby/lib/ruby/gems/1.8/gems/mongrel-1.1.2-x86-mswin32/lib/mongrel/command.rb:212:in `run'
    C:/InstantRails-2.0-win/ruby/lib/ruby/gems/1.8/gems/mongrel-1.1.2-x86-mswin32/bin/mongrel_rails:281
    C:/InstantRails-2.0-win/ruby/lib/ruby/gems/1.8/gems/activesupport-2.0.2/lib/active_support/dependencies.rb:489:in `load'
    C:/InstantRails-2.0-win/ruby/lib/ruby/gems/1.8/gems/activesupport-2.0.2/lib/active_support/dependencies.rb:489:in `load'
    C:/InstantRails-2.0-win/ruby/lib/ruby/gems/1.8/gems/activesupport-2.0.2/lib/active_support/dependencies.rb:342:in `new_constants_in'
    C:/InstantRails-2.0-win/ruby/lib/ruby/gems/1.8/gems/activesupport-2.0.2/lib/active_support/dependencies.rb:489:in `load'
    C:/InstantRails-2.0-win/ruby/lib/ruby/gems/1.8/gems/rails-2.0.2/lib/commands/servers/mongrel.rb:64
    C:/InstantRails-2.0-win/ruby/lib/ruby/site_ruby/1.8/rubygems/custom_require.rb:27:in `gem_original_require'
    C:/InstantRails-2.0-win/ruby/lib/ruby/site_ruby/1.8/rubygems/custom_require.rb:27:in `require'
    C:/InstantRails-2.0-win/ruby/lib/ruby/gems/1.8/gems/activesupport-2.0.2/lib/active_support/dependencies.rb:496:in `require'
    C:/InstantRails-2.0-win/ruby/lib/ruby/gems/1.8/gems/activesupport-2.0.2/lib/active_support/dependencies.rb:342:in `new_constants_in'
    C:/InstantRails-2.0-win/ruby/lib/ruby/gems/1.8/gems/activesupport-2.0.2/lib/active_support/dependencies.rb:496:in `require'
    C:/InstantRails-2.0-win/ruby/lib/ruby/gems/1.8/gems/rails-2.0.2/lib/commands/server.rb:39
    C:/InstantRails-2.0-win/ruby/lib/ruby/site_ruby/1.8/rubygems/custom_require.rb:27:in `gem_original_require'
    C:/InstantRails-2.0-win/ruby/lib/ruby/site_ruby/1.8/rubygems/custom_require.rb:27:in `require'
    script/server:3

Rendering C:/InstantRails-2.0-win/ruby/lib/ruby/gems/1.8/gems/actionpack-2.0.2/lib/action_controller/templates/rescues/layout.erb (internal_server_error)


Processing ApplicationController#welcome (for 127.0.0.1 at 2015-11-30 07:47:44) [GET]
  Session ID: a24edf40071d462e60d87cd9ebcf8cb2
  Parameters: {"action"=>"welcome", "controller"=>"main"}


SyntaxError (C:/InstantRails-2.0-win/rails_apps/v7/app/controllers/main_controller.rb:11: syntax error, unexpected '(', expecting kEND
@bookz=Book:find(:all,:conditions=>"id=#{@bookid}")
                 ^
C:/InstantRails-2.0-win/rails_apps/v7/app/controllers/main_controller.rb:11: syntax error, unexpected ')', expecting kEND):
    C:/InstantRails-2.0-win/ruby/lib/ruby/gems/1.8/gems/activesupport-2.0.2/lib/active_support/dependencies.rb:203:in `load_without_new_constant_marking'
    C:/InstantRails-2.0-win/ruby/lib/ruby/gems/1.8/gems/activesupport-2.0.2/lib/active_support/dependencies.rb:203:in `load_file'
    C:/InstantRails-2.0-win/ruby/lib/ruby/gems/1.8/gems/activesupport-2.0.2/lib/active_support/dependencies.rb:342:in `new_constants_in'
    C:/InstantRails-2.0-win/ruby/lib/ruby/gems/1.8/gems/activesupport-2.0.2/lib/active_support/dependencies.rb:202:in `load_file'
    C:/InstantRails-2.0-win/ruby/lib/ruby/gems/1.8/gems/activesupport-2.0.2/lib/active_support/dependencies.rb:94:in `require_or_load'
    C:/InstantRails-2.0-win/ruby/lib/ruby/gems/1.8/gems/activesupport-2.0.2/lib/active_support/dependencies.rb:248:in `load_missing_constant'
    C:/InstantRails-2.0-win/ruby/lib/ruby/gems/1.8/gems/activesupport-2.0.2/lib/active_support/dependencies.rb:453:in `const_missing'
    C:/InstantRails-2.0-win/ruby/lib/ruby/gems/1.8/gems/activesupport-2.0.2/lib/active_support/dependencies.rb:465:in `const_missing'
    C:/InstantRails-2.0-win/ruby/lib/ruby/gems/1.8/gems/activesupport-2.0.2/lib/active_support/inflector.rb:257:in `constantize'
    C:/InstantRails-2.0-win/ruby/lib/ruby/gems/1.8/gems/activesupport-2.0.2/lib/active_support/core_ext/string/inflections.rb:148:in `constantize'
    C:/InstantRails-2.0-win/ruby/lib/ruby/gems/1.8/gems/actionpack-2.0.2/lib/action_controller/routing.rb:1426:in `recognize'
    C:/InstantRails-2.0-win/ruby/lib/ruby/gems/1.8/gems/actionpack-2.0.2/lib/action_controller/dispatcher.rb:170:in `handle_request'
    C:/InstantRails-2.0-win/ruby/lib/ruby/gems/1.8/gems/actionpack-2.0.2/lib/action_controller/dispatcher.rb:115:in `dispatch'
    C:/InstantRails-2.0-win/ruby/lib/ruby/gems/1.8/gems/actionpack-2.0.2/lib/action_controller/dispatcher.rb:126:in `dispatch_cgi'
    C:/InstantRails-2.0-win/ruby/lib/ruby/gems/1.8/gems/actionpack-2.0.2/lib/action_controller/dispatcher.rb:9:in `dispatch'
    C:/InstantRails-2.0-win/ruby/lib/ruby/gems/1.8/gems/mongrel-1.1.2-x86-mswin32/bin/../lib/mongrel/rails.rb:76:in `process'
    C:/InstantRails-2.0-win/ruby/lib/ruby/gems/1.8/gems/mongrel-1.1.2-x86-mswin32/bin/../lib/mongrel/rails.rb:74:in `synchronize'
    C:/InstantRails-2.0-win/ruby/lib/ruby/gems/1.8/gems/mongrel-1.1.2-x86-mswin32/bin/../lib/mongrel/rails.rb:74:in `process'
    C:/InstantRails-2.0-win/ruby/lib/ruby/gems/1.8/gems/mongrel-1.1.2-x86-mswin32/lib/mongrel.rb:159:in `process_client'
    C:/InstantRails-2.0-win/ruby/lib/ruby/gems/1.8/gems/mongrel-1.1.2-x86-mswin32/lib/mongrel.rb:158:in `each'
    C:/InstantRails-2.0-win/ruby/lib/ruby/gems/1.8/gems/mongrel-1.1.2-x86-mswin32/lib/mongrel.rb:158:in `process_client'
    C:/InstantRails-2.0-win/ruby/lib/ruby/gems/1.8/gems/mongrel-1.1.2-x86-mswin32/lib/mongrel.rb:285:in `run'
    C:/InstantRails-2.0-win/ruby/lib/ruby/gems/1.8/gems/mongrel-1.1.2-x86-mswin32/lib/mongrel.rb:285:in `initialize'
    C:/InstantRails-2.0-win/ruby/lib/ruby/gems/1.8/gems/mongrel-1.1.2-x86-mswin32/lib/mongrel.rb:285:in `new'
    C:/InstantRails-2.0-win/ruby/lib/ruby/gems/1.8/gems/mongrel-1.1.2-x86-mswin32/lib/mongrel.rb:285:in `run'
    C:/InstantRails-2.0-win/ruby/lib/ruby/gems/1.8/gems/mongrel-1.1.2-x86-mswin32/lib/mongrel.rb:268:in `initialize'
    C:/InstantRails-2.0-win/ruby/lib/ruby/gems/1.8/gems/mongrel-1.1.2-x86-mswin32/lib/mongrel.rb:268:in `new'
    C:/InstantRails-2.0-win/ruby/lib/ruby/gems/1.8/gems/mongrel-1.1.2-x86-mswin32/lib/mongrel.rb:268:in `run'
    C:/InstantRails-2.0-win/ruby/lib/ruby/gems/1.8/gems/mongrel-1.1.2-x86-mswin32/lib/mongrel/configurator.rb:282:in `run'
    C:/InstantRails-2.0-win/ruby/lib/ruby/gems/1.8/gems/mongrel-1.1.2-x86-mswin32/lib/mongrel/configurator.rb:281:in `each'
    C:/InstantRails-2.0-win/ruby/lib/ruby/gems/1.8/gems/mongrel-1.1.2-x86-mswin32/lib/mongrel/configurator.rb:281:in `run'
    C:/InstantRails-2.0-win/ruby/lib/ruby/gems/1.8/gems/mongrel-1.1.2-x86-mswin32/bin/mongrel_rails:128:in `run'
    C:/InstantRails-2.0-win/ruby/lib/ruby/gems/1.8/gems/mongrel-1.1.2-x86-mswin32/lib/mongrel/command.rb:212:in `run'
    C:/InstantRails-2.0-win/ruby/lib/ruby/gems/1.8/gems/mongrel-1.1.2-x86-mswin32/bin/mongrel_rails:281
    C:/InstantRails-2.0-win/ruby/lib/ruby/gems/1.8/gems/activesupport-2.0.2/lib/active_support/dependencies.rb:489:in `load'
    C:/InstantRails-2.0-win/ruby/lib/ruby/gems/1.8/gems/activesupport-2.0.2/lib/active_support/dependencies.rb:489:in `load'
    C:/InstantRails-2.0-win/ruby/lib/ruby/gems/1.8/gems/activesupport-2.0.2/lib/active_support/dependencies.rb:342:in `new_constants_in'
    C:/InstantRails-2.0-win/ruby/lib/ruby/gems/1.8/gems/activesupport-2.0.2/lib/active_support/dependencies.rb:489:in `load'
    C:/InstantRails-2.0-win/ruby/lib/ruby/gems/1.8/gems/rails-2.0.2/lib/commands/servers/mongrel.rb:64
    C:/InstantRails-2.0-win/ruby/lib/ruby/site_ruby/1.8/rubygems/custom_require.rb:27:in `gem_original_require'
    C:/InstantRails-2.0-win/ruby/lib/ruby/site_ruby/1.8/rubygems/custom_require.rb:27:in `require'
    C:/InstantRails-2.0-win/ruby/lib/ruby/gems/1.8/gems/activesupport-2.0.2/lib/active_support/dependencies.rb:496:in `require'
    C:/InstantRails-2.0-win/ruby/lib/ruby/gems/1.8/gems/activesupport-2.0.2/lib/active_support/dependencies.rb:342:in `new_constants_in'
    C:/InstantRails-2.0-win/ruby/lib/ruby/gems/1.8/gems/activesupport-2.0.2/lib/active_support/dependencies.rb:496:in `require'
    C:/InstantRails-2.0-win/ruby/lib/ruby/gems/1.8/gems/rails-2.0.2/lib/commands/server.rb:39
    C:/InstantRails-2.0-win/ruby/lib/ruby/site_ruby/1.8/rubygems/custom_require.rb:27:in `gem_original_require'
    C:/InstantRails-2.0-win/ruby/lib/ruby/site_ruby/1.8/rubygems/custom_require.rb:27:in `require'
    script/server:3

Rendering C:/InstantRails-2.0-win/ruby/lib/ruby/gems/1.8/gems/actionpack-2.0.2/lib/action_controller/templates/rescues/layout.erb (internal_server_error)
